<?xml version="1.0"?>
<coverage version="7.3.2" timestamp="1710191874702" lines-valid="38727" lines-covered="37232"
    line-rate="0.9614" branches-covered="0" branches-valid="0" branch-rate="0" complexity="0">
    <!-- Generated by coverage.py: https://coverage.readthedocs.io/en/7.3.2 -->
    <!-- Based on https://raw.githubusercontent.com/cobertura/web/master/htdocs/xml/coverage-04.dtd -->
    <sources>
        <source></source>
    </sources>
    <packages>
        <package name="api.internal.branch" line-rate="1" branch-rate="0" complexity="0">
			<classes>
				<class name="__init__.py" filename="api/internal/branch/__init__.py" complexity="0" line-rate="1" branch-rate="0">
					<methods/>
					<lines/>
				</class>
				<class name="serializers.py" filename="api/internal/branch/serializers.py" complexity="0" line-rate="1" branch-rate="0">
					<methods/>
					<lines>
						<line number="1" hits="1"/>
						<line number="3" hits="1"/>
						<line number="6" hits="1"/>
						<line number="7" hits="1"/>
						<line number="8" hits="1"/>
						<line number="9" hits="1"/>
						<line number="11" hits="1"/>
						<line number="12" hits="1"/>
						<line number="13" hits="1"/>
					</lines>
				</class>
				<class name="views.py" filename="api/internal/branch/views.py" complexity="0" line-rate="1" branch-rate="0">
					<methods/>
					<lines>
						<line number="1" hits="1"/>
						<line number="2" hits="1"/>
						<line number="3" hits="1"/>
						<line number="5" hits="1"/>
						<line number="6" hits="1"/>
						<line number="7" hits="1"/>
						<line number="8" hits="1"/>
						<line number="10" hits="1"/>
						<line number="13" hits="1"/>
						<line number="14" hits="1"/>
						<line number="16" hits="1"/>
						<line number="17" hits="1"/>
					</lines>
				</class>
			</classes>
		</package>
		<package name="api.internal.chart" line-rate="0.9434" branch-rate="0" complexity="0">
			<classes>
				<class name="__init__.py" filename="api/internal/chart/__init__.py" complexity="0" line-rate="1" branch-rate="0">
					<methods/>
					<lines/>
				</class>
				<class name="filters.py" filename="api/internal/chart/filters.py" complexity="0" line-rate="1" branch-rate="0">
					<methods/>
					<lines>
						<line number="1" hits="1"/>
						<line number="2" hits="1"/>
						<line number="4" hits="1"/>
						<line number="5" hits="1"/>
						<line number="8" hits="1"/>
						<line number="13" hits="1"/>
						<line number="18" hits="1"/>
						<line number="23" hits="1"/>
						<line number="25" hits="1"/>
						<line number="44" hits="1"/>
						<line number="45" hits="1"/>
						<line number="48" hits="1"/>
						<line number="51" hits="1"/>
						<line number="52" hits="1"/>
						<line number="53" hits="1"/>
						<line number="58" hits="1"/>
						<line number="61" hits="1"/>
						<line number="63" hits="1"/>
						<line number="66" hits="1"/>
					</lines>
				</class>
				<class name="helpers.py" filename="api/internal/chart/helpers.py" complexity="0" line-rate="0.9681" branch-rate="0">
					<methods/>
					<lines>
						<line number="1" hits="1"/>
						<line number="3" hits="1"/>
						<line number="4" hits="1"/>
						<line number="5" hits="1"/>
						<line number="6" hits="1"/>
						<line number="7" hits="1"/>
						<line number="8" hits="1"/>
						<line number="9" hits="1"/>
						<line number="10" hits="1"/>
						<line number="11" hits="1"/>
						<line number="13" hits="1"/>
						<line number="14" hits="1"/>
						<line number="17" hits="1"/>
						<line number="20" hits="1"/>
						<line number="23" hits="1"/>
						<line number="26" hits="1"/>
						<line number="27" hits="1"/>
						<line number="33" hits="1"/>
						<line number="58" hits="1"/>
						<line number="86" hits="1"/>
						<line number="87" hits="1"/>
						<line number="88" hits="1"/>
						<line number="91" hits="1"/>
						<line number="97" hits="1"/>
						<line number="98" hits="1"/>
						<line number="101" hits="1"/>
						<line number="112" hits="1"/>
						<line number="118" hits="1"/>
						<line number="119" hits="1"/>
						<line number="120" hits="1"/>
						<line number="121" hits="1"/>
						<line number="125" hits="1"/>
						<line number="126" hits="1"/>
						<line number="127" hits="1"/>
						<line number="128" hits="1"/>
						<line number="136" hits="1"/>
						<line number="142" hits="1"/>
						<line number="143" hits="1"/>
						<line number="144" hits="1"/>
						<line number="145" hits="1"/>
						<line number="147" hits="1"/>
						<line number="152" hits="1"/>
						<line number="153" hits="1"/>
						<line number="155" hits="1"/>
						<line number="156" hits="1"/>
						<line number="162" hits="1"/>
						<line number="163" hits="1"/>
						<line number="164" hits="1"/>
						<line number="166" hits="1"/>
						<line number="167" hits="1"/>
						<line number="171" hits="1"/>
						<line number="172" hits="1"/>
						<line number="173" hits="1"/>
						<line number="175" hits="1"/>
						<line number="176" hits="1"/>
						<line number="181" hits="1"/>
						<line number="182" hits="1"/>
						<line number="183" hits="1"/>
						<line number="185" hits="1"/>
						<line number="186" hits="1"/>
						<line number="187" hits="1"/>
						<line number="189" hits="1"/>
						<line number="190" hits="1"/>
						<line number="195" hits="1"/>
						<line number="196" hits="0"/>
						<line number="197" hits="1"/>
						<line number="199" hits="1"/>
						<line number="200" hits="1"/>
						<line number="204" hits="1"/>
						<line number="210" hits="1"/>
						<line number="215" hits="1"/>
						<line number="216" hits="1"/>
						<line number="218" hits="1"/>
						<line number="220" hits="1"/>
						<line number="226" hits="1"/>
						<line number="227" hits="1"/>
						<line number="232" hits="1"/>
						<line number="233" hits="1"/>
						<line number="251" hits="1"/>
						<line number="253" hits="1"/>
						<line number="254" hits="1"/>
						<line number="256" hits="1"/>
						<line number="257" hits="1"/>
						<line number="282" hits="1"/>
						<line number="283" hits="1"/>
						<line number="284" hits="0"/>
						<line number="286" hits="1"/>
						<line number="288" hits="1"/>
						<line number="289" hits="1"/>
						<line number="290" hits="1"/>
						<line number="291" hits="0"/>
						<line number="293" hits="1"/>
						<line number="294" hits="1"/>
						<line number="408" hits="1"/>
					</lines>
				</class>
				<class name="urls.py" filename="api/internal/chart/urls.py" complexity="0" line-rate="1" branch-rate="0">
					<methods/>
					<lines>
						<line number="1" hits="1"/>
						<line number="3" hits="1"/>
						<line number="5" hits="1"/>
					</lines>
				</class>
				<class name="views.py" filename="api/internal/chart/views.py" complexity="0" line-rate="0.8605" branch-rate="0">
					<methods/>
					<lines>
						<line number="1" hits="1"/>
						<line number="2" hits="1"/>
						<line number="3" hits="1"/>
						<line number="4" hits="1"/>
						<line number="6" hits="1"/>
						<line number="7" hits="1"/>
						<line number="8" hits="1"/>
						<line number="10" hits="1"/>
						<line number="11" hits="1"/>
						<line number="19" hits="1"/>
						<line number="62" hits="1"/>
						<line number="63" hits="1"/>
						<line number="65" hits="1"/>
						<line number="66" hits="1"/>
						<line number="67" hits="1"/>
						<line number="68" hits="1"/>
						<line number="77" hits="1"/>
						<line number="83" hits="1"/>
						<line number="86" hits="1"/>
						<line number="87" hits="0"/>
						<line number="88" hits="0"/>
						<line number="91" hits="0"/>
						<line number="102" hits="0"/>
						<line number="114" hits="1"/>
						<line number="118" hits="1"/>
						<line number="119" hits="1"/>
						<line number="131" hits="1"/>
						<line number="132" hits="1"/>
						<line number="133" hits="1"/>
						<line number="136" hits="1"/>
						<line number="146" hits="1"/>
						<line number="149" hits="1"/>
						<line number="171" hits="1"/>
						<line number="172" hits="1"/>
						<line number="175" hits="1"/>
						<line number="176" hits="0"/>
						<line number="179" hits="0"/>
						<line number="181" hits="1"/>
						<line number="185" hits="1"/>
						<line number="186" hits="1"/>
						<line number="187" hits="1"/>
						<line number="191" hits="1"/>
						<line number="194" hits="1"/>
					</lines>
				</class>
			</classes>
		</package>
		<package name="api.internal.commit" line-rate="0.9706" branch-rate="0" complexity="0">
			<classes>
				<class name="__init__.py" filename="api/internal/commit/__init__.py" complexity="0" line-rate="1" branch-rate="0">
					<methods/>
					<lines/>
				</class>
				<class name="serializers.py" filename="api/internal/commit/serializers.py" complexity="0" line-rate="0.9655" branch-rate="0">
					<methods/>
					<lines>
						<line number="1" hits="1"/>
						<line number="3" hits="1"/>
						<line number="4" hits="1"/>
						<line number="6" hits="1"/>
						<line number="7" hits="1"/>
						<line number="8" hits="1"/>
						<line number="9" hits="1"/>
						<line number="11" hits="1"/>
						<line number="14" hits="1"/>
						<line number="15" hits="1"/>
						<line number="16" hits="1"/>
						<line number="18" hits="1"/>
						<line number="19" hits="1"/>
						<line number="20" hits="1"/>
						<line number="32" hits="1"/>
						<line number="33" hits="1"/>
						<line number="35" hits="1"/>
						<line number="36" hits="1"/>
						<line number="37" hits="1"/>
						<line number="38" hits="0"/>
						<line number="40" hits="1"/>
						<line number="41" hits="1"/>
						<line number="42" hits="1"/>
						<line number="43" hits="1"/>
						<line number="46" hits="1"/>
						<line number="53" hits="1"/>
						<line number="58" hits="1"/>
						<line number="59" hits="1"/>
						<line number="60" hits="1"/>
					</lines>
				</class>
				<class name="views.py" filename="api/internal/commit/views.py" complexity="0" line-rate="1" branch-rate="0">
					<methods/>
					<lines>
						<line number="1" hits="1"/>
						<line number="3" hits="1"/>
						<line number="5" hits="1"/>
						<line number="8" hits="1"/>
						<line number="9" hits="1"/>
					</lines>
				</class>
			</classes>
		</package>
		<package name="api.internal.compare" line-rate="1" branch-rate="0" complexity="0">
			<classes>
				<class name="__init__.py" filename="api/internal/compare/__init__.py" complexity="0" line-rate="1" branch-rate="0">
					<methods/>
					<lines/>
				</class>
				<class name="serializers.py" filename="api/internal/compare/serializers.py" complexity="0" line-rate="1" branch-rate="0">
					<methods/>
					<lines>
						<line number="1" hits="1"/>
						<line number="2" hits="1"/>
						<line number="7" hits="1"/>
						<line number="8" hits="1"/>
					</lines>
				</class>
				<class name="views.py" filename="api/internal/compare/views.py" complexity="0" line-rate="1" branch-rate="0">
					<methods/>
					<lines>
						<line number="1" hits="1"/>
						<line number="3" hits="1"/>
						<line number="5" hits="1"/>
						<line number="8" hits="1"/>
						<line number="12" hits="1"/>
					</lines>
				</class>
			</classes>
		</package>
    </packages>
</coverage>