<?xml version="1.0" encoding="utf-8"?><testsuites><testsuite name="pytest" errors="0" failures="2" skipped="7" tests="2260" time="202.106" timestamp="2024-07-31T23:18:30.862039" hostname="a8b5d44eaaf3"><testcase classname="api.internal.tests.test_charts.CoverageChartHelpersTest" name="test_annotate_commit_with_totals_no_complexity_sets_ratio_to_None" time="6.261" /><testcase classname="api.internal.tests.test_charts.CoverageChartHelpersTest" name="test_annotate_commits_with_totals" time="0.053" /><testcase classname="api.internal.tests.test_charts.CoverageChartHelpersTest" name="test_apply_default_filters" time="0.056" /><testcase classname="api.internal.tests.test_charts.CoverageChartHelpersTest" name="test_apply_grouping" time="0.151" /><testcase classname="api.internal.tests.test_charts.CoverageChartHelpersTest" name="test_apply_simple_filters" time="0.076" /><testcase classname="api.internal.tests.test_charts.CoverageChartHelpersTest" name="test_apply_simple_filters_branch_filtering" time="0.096" /><testcase classname="api.internal.tests.test_charts.CoverageChartHelpersTest" name="test_apply_simple_filters_repo_filtering" time="0.065" /><testcase classname="api.internal.tests.test_charts.CoverageChartHelpersTest" name="test_apply_simple_filters_without_service" time="0.056" /><testcase classname="api.internal.tests.test_charts.CoverageChartHelpersTest" name="test_ordering" time="0.051" /><testcase classname="api.internal.tests.test_charts.CoverageChartHelpersTest" name="test_validate_params_agg_fields" time="0.047" /><testcase classname="api.internal.tests.test_charts.CoverageChartHelpersTest" name="test_validate_params_invalid" time="0.044" /><testcase classname="api.internal.tests.test_charts.CoverageChartHelpersTest" name="test_validate_params_valid" time="0.040" /><testcase classname="api.internal.tests.test_charts.TestChartQueryRunnerQuery" name="test_query_aggregates_multiple_repository_totals" time="0.030" /><testcase classname="api.internal.tests.test_charts.TestChartQueryRunnerQuery" name="test_query_aggregates_with_latest_commit_if_no_recent_upload" time="0.000"><skipped type="pytest.skip" message="flaky">/app-dir/api/internal/tests/test_charts.py:569: flaky</skipped></testcase><testcase classname="api.internal.tests.test_charts.TestChartQueryRunnerQuery" name="test_query_doesnt_crash_if_no_commits" time="0.037" /><testcase classname="api.internal.tests.test_charts.TestChartQueryRunnerQuery" name="test_query_supports_different_grouping_params" time="0.000"><skipped type="pytest.skip" message="flaky, skipping until re write">/app-dir/api/internal/tests/test_charts.py:603: flaky, skipping until re write</skipped></testcase><testcase classname="api.internal.tests.test_charts.TestChartQueryRunnerQuery" name="test_query_supports_reverse_ordering" time="0.000"><skipped type="pytest.skip" message="flaky, skipping since we're moving away from ChartQueryRunner soon anyway">/app-dir/api/internal/tests/test_charts.py:627: flaky, skipping since we're moving away from ChartQueryRunner soon anyway</skipped></testcase><testcase classname="api.internal.tests.test_charts.TestChartQueryRunnerHelperMethods" name="test_end_date" time="0.014" /><testcase classname="api.internal.tests.test_charts.TestChartQueryRunnerHelperMethods" name="test_first_complete_commit_date_returns_date_of_first_complete_commit_in_repoids" time="0.022" /><testcase classname="api.internal.tests.test_charts.TestChartQueryRunnerHelperMethods" name="test_interval" time="0.009" /><testcase classname="api.internal.tests.test_charts.TestChartQueryRunnerHelperMethods" name="test_repoids" time="0.014" /><testcase classname="api.internal.tests.test_charts.TestChartQueryRunnerHelperMethods" name="test_start_date" time="0.012" /><testcase classname="api.internal.tests.test_feature.FeatureEndpointTests" name="test_invalid_request_body" time="0.340" /><testcase classname="api.internal.tests.test_feature.FeatureEndpointTests" name="test_valid_request_body" time="0.015" /><testcase classname="api.internal.tests.test_feature.FeatureEndpointTests" name="test_variant_assigned_false" time="0.018" /><testcase classname="api.internal.tests.test_feature.FeatureEndpointTests" name="test_variant_assigned_true" time="0.018" /><testcase classname="api.internal.tests.test_feature" name="test_overrides_by_email[EMAIL-o_emails0-o_owner_ids0-o_repo_ids0-o_org_ids0-o_values0]" time="0.030" /><testcase classname="api.internal.tests.test_feature" name="test_overrides_by_email[OWNER_ID-o_emails1-o_owner_ids1-o_repo_ids1-o_org_ids1-o_values1]" time="0.023" /><testcase classname="api.internal.tests.test_feature" name="test_overrides_by_email[REPO_ID-o_emails2-o_owner_ids2-o_repo_ids2-o_org_ids2-o_values2]" time="0.023" /><testcase classname="api.internal.tests.test_feature" name="test_overrides_by_email[ORG_ID-o_emails3-o_owner_ids3-o_repo_ids3-o_org_ids3-o_values3]" time="0.023" /><testcase classname="api.internal.tests.test_pagination.PageNumberPaginationTests" name="test_pagination_returned_page_size" time="0.047" /><testcase classname="api.internal.tests.test_permissions.TestRepositoryPermissionsService" name="test_fetch_provider_permissions_caches_read_permissions" time="0.018" /><testcase classname="api.internal.tests.test_permissions.TestRepositoryPermissionsService" name="test_fetch_provider_permissions_caches_read_permissions_when_owner_has_no_permissions" time="0.012" /><testcase classname="api.internal.tests.test_permissions.TestRepositoryPermissionsService" name="test_fetch_provider_permissions_fetches_permissions_from_provider" time="0.010" /><testcase classname="api.internal.tests.test_permissions.TestRepositoryPermissionsService" name="test_has_read_permissions_gets_permissions_from_provider_if_above_conds_not_met" time="0.008" /><testcase classname="api.internal.tests.test_permissions.TestRepositoryPermissionsService" name="test_has_read_permissions_returns_true_if_repo_not_private" time="0.007" /><testcase classname="api.internal.tests.test_permissions.TestRepositoryPermissionsService" name="test_has_read_permissions_returns_true_if_repoid_in_permission_array" time="0.007" /><testcase classname="api.internal.tests.test_permissions.TestRepositoryPermissionsService" name="test_has_read_permissions_returns_true_if_user_is_owner" time="0.005" /><testcase classname="api.internal.tests.test_permissions.TestRepositoryPermissionsService" name="test_user_is_activated_activates_user_and_returns_true_if_can_auto_activate" time="0.012" /><testcase classname="api.internal.tests.test_permissions.TestRepositoryPermissionsService" name="test_user_is_activated_returns_false_if_cant_auto_activate" time="0.010" /><testcase classname="api.internal.tests.test_permissions.TestRepositoryPermissionsService" name="test_user_is_activated_returns_false_if_owner_is_none" time="0.004" /><testcase classname="api.internal.tests.test_permissions.TestRepositoryPermissionsService" name="test_user_is_activated_returns_false_if_user_is_none" time="0.004" /><testcase classname="api.internal.tests.test_permissions.TestRepositoryPermissionsService" name="test_user_is_activated_returns_false_if_user_not_in_owner_org" time="0.010" /><testcase classname="api.internal.tests.test_permissions.TestRepositoryPermissionsService" name="test_user_is_activated_returns_true_if_user_is_activated" time="0.007" /><testcase classname="api.internal.tests.test_permissions.TestRepositoryPermissionsService" name="test_user_is_activated_returns_true_when_owner_has_legacy_plan" time="0.006" /><testcase classname="api.internal.tests.test_permissions.TestRepositoryPermissionsService" name="test_user_is_activated_returns_true_when_user_is_owner" time="0.003" /><testcase classname="api.internal.tests.test_permissions.TestRepositoryPermissionsService" name="test_user_is_activated_when_self_hosted" time="0.013" /><testcase classname="api.internal.tests.test_permissions.TestUserIsAdminPermissions" name="test_is_admin_on_provider_handles_torngit_exception" time="0.013" /><testcase classname="api.internal.tests.test_permissions.TestUserIsAdminPermissions" name="test_is_admin_on_provider_invokes_torngit_adapter_when_user_not_in_admin_array" time="0.007" /><testcase classname="api.internal.tests.test_repo_accessors.RepositoryAccessorsTestCase" name="test_fetch_and_create_repo" time="0.032" /><testcase classname="api.internal.tests.test_repo_accessors.RepositoryAccessorsTestCase" name="test_fetch_and_create_repo_if_torngit_error" time="0.412" /><testcase classname="api.internal.tests.test_repo_accessors.RepositoryAccessorsTestCase" name="test_get_repo_details_if_exists" time="0.025" /><testcase classname="api.internal.tests.test_repo_accessors.RepositoryAccessorsTestCase" name="test_get_repo_details_if_not_exists" time="0.019" /><testcase classname="api.internal.tests.test_repo_accessors.RepositoryAccessorsTestCase" name="test_get_repo_permissions_when_author" time="0.018" /><testcase classname="api.internal.tests.views.test_account_viewset.AccountViewSetTests" name="test_account_with_free_user_plan" time="0.035" /><testcase classname="api.internal.tests.views.test_account_viewset.AccountViewSetTests" name="test_account_with_paid_user_plan_billed_annually" time="0.023" /><testcase classname="api.internal.tests.views.test_account_viewset.AccountViewSetTests" name="test_account_with_paid_user_plan_billed_monthly" time="0.021" /><testcase classname="api.internal.tests.views.test_account_viewset.AccountViewSetTests" name="test_destroy_not_own_account_returns_404" time="0.020" /><testcase classname="api.internal.tests.views.test_account_viewset.AccountViewSetTests" name="test_destroy_triggers_delete_owner_task" time="0.016" /><testcase classname="api.internal.tests.views.test_account_viewset.AccountViewSetTests" name="test_retrieve_account_gets_account_fields" time="0.024" /><testcase classname="api.internal.tests.views.test_account_viewset.AccountViewSetTests" name="test_retrieve_account_gets_account_fields_when_there_are_scheduled_details" time="0.026" /><testcase classname="api.internal.tests.views.test_account_viewset.AccountViewSetTests" name="test_retrieve_account_gets_account_students" time="0.030" /><testcase classname="api.internal.tests.views.test_account_viewset.AccountViewSetTests" name="test_retrieve_account_gets_none_for_schedule_details_when_schedule_is_nonexistent" time="0.023" /><testcase classname="api.internal.tests.views.test_account_viewset.AccountViewSetTests" name="test_retrieve_account_returns_401_if_no_current_owner" time="0.024" /><testcase classname="api.internal.tests.views.test_account_viewset.AccountViewSetTests" name="test_retrieve_account_returns_401_if_not_authenticated" time="0.017" /><testcase classname="api.internal.tests.views.test_account_viewset.AccountViewSetTests" name="test_retrieve_account_returns_404_if_user_not_member" time="0.020" /><testcase classname="api.internal.tests.views.test_account_viewset.AccountViewSetTests" name="test_retrieve_account_returns_last_phase_when_more_than_one_scheduled_phases" time="0.025" /><testcase classname="api.internal.tests.views.test_account_viewset.AccountViewSetTests" name="test_retrieve_handles_stripe_error" time="0.020" /><testcase classname="api.internal.tests.views.test_account_viewset.AccountViewSetTests" name="test_retrieve_own_account_give_200" time="0.018" /><testcase classname="api.internal.tests.views.test_account_viewset.AccountViewSetTests" name="test_retrieve_subscription_with_stripe_invoice_data" time="0.020" /><testcase classname="api.internal.tests.views.test_account_viewset.AccountViewSetTests" name="test_update_apply_cancellation_discount" time="0.022" /><testcase classname="api.internal.tests.views.test_account_viewset.AccountViewSetTests" name="test_update_apply_cancellation_discount_yearly" time="0.022" /><testcase classname="api.internal.tests.views.test_account_viewset.AccountViewSetTests" name="test_update_billing_address" time="0.023" /><testcase classname="api.internal.tests.views.test_account_viewset.AccountViewSetTests" name="test_update_billing_address_handles_stripe_error" time="0.016" /><testcase classname="api.internal.tests.views.test_account_viewset.AccountViewSetTests" name="test_update_billing_address_without_address" time="0.015" /><testcase classname="api.internal.tests.views.test_account_viewset.AccountViewSetTests" name="test_update_billing_address_without_body" time="0.015" /><testcase classname="api.internal.tests.views.test_account_viewset.AccountViewSetTests" name="test_update_billing_address_without_name" time="0.016" /><testcase classname="api.internal.tests.views.test_account_viewset.AccountViewSetTests" name="test_update_can_change_name_and_email" time="0.020" /><testcase classname="api.internal.tests.views.test_account_viewset.AccountViewSetTests" name="test_update_can_set_plan_auto_activate_to_false" time="0.021" /><testcase classname="api.internal.tests.views.test_account_viewset.AccountViewSetTests" name="test_update_can_set_plan_auto_activate_to_true" time="0.022" /><testcase classname="api.internal.tests.views.test_account_viewset.AccountViewSetTests" name="test_update_can_set_plan_to_users_basic" time="0.022" /><testcase classname="api.internal.tests.views.test_account_viewset.AccountViewSetTests" name="test_update_can_upgrade_to_paid_plan_for_existing_customer_and_set_plan_info" time="0.024" /><testcase classname="api.internal.tests.views.test_account_viewset.AccountViewSetTests" name="test_update_can_upgrade_to_paid_plan_for_new_customer_and_return_checkout_session_id" time="0.022" /><testcase classname="api.internal.tests.views.test_account_viewset.AccountViewSetTests" name="test_update_email_address" time="0.021" /><testcase classname="api.internal.tests.views.test_account_viewset.AccountViewSetTests" name="test_update_email_address_handles_stripe_error" time="0.017" /><testcase classname="api.internal.tests.views.test_account_viewset.AccountViewSetTests" name="test_update_email_address_without_body" time="0.015" /><testcase classname="api.internal.tests.views.test_account_viewset.AccountViewSetTests" name="test_update_handles_stripe_error" time="0.017" /><testcase classname="api.internal.tests.views.test_account_viewset.AccountViewSetTests" name="test_update_must_fail_if_quantity_and_plan_are_equal_to_the_owners_current_ones" time="0.020" /><testcase classname="api.internal.tests.views.test_account_viewset.AccountViewSetTests" name="test_update_must_fail_if_quantity_is_lower_than_activated_user_count" time="0.040" /><testcase classname="api.internal.tests.views.test_account_viewset.AccountViewSetTests" name="test_update_must_fail_if_team_plan_and_too_many_users" time="0.026" /><testcase classname="api.internal.tests.views.test_account_viewset.AccountViewSetTests" name="test_update_must_validate_active_users_without_counting_active_students" time="0.048" /><testcase classname="api.internal.tests.views.test_account_viewset.AccountViewSetTests" name="test_update_payment_method" time="0.028" /><testcase classname="api.internal.tests.views.test_account_viewset.AccountViewSetTests" name="test_update_payment_method_handles_stripe_error" time="0.022" /><testcase classname="api.internal.tests.views.test_account_viewset.AccountViewSetTests" name="test_update_payment_method_without_body" time="0.020" /><testcase classname="api.internal.tests.views.test_account_viewset.AccountViewSetTests" name="test_update_quantity_must_be_at_least_2_if_paid_plan" time="0.020" /><testcase classname="api.internal.tests.views.test_account_viewset.AccountViewSetTests" name="test_update_quantity_must_be_greater_or_equal_to_current_activated_users_if_paid_plan" time="0.042" /><testcase classname="api.internal.tests.views.test_account_viewset.AccountViewSetTests" name="test_update_requires_quantity_if_updating_to_paid_plan" time="0.021" /><testcase classname="api.internal.tests.views.test_account_viewset.AccountViewSetTests" name="test_update_sentry_plan_annual" time="0.029" /><testcase classname="api.internal.tests.views.test_account_viewset.AccountViewSetTests" name="test_update_sentry_plan_annual_with_users_org" time="0.033" /><testcase classname="api.internal.tests.views.test_account_viewset.AccountViewSetTests" name="test_update_sentry_plan_monthly" time="0.029" /><testcase classname="api.internal.tests.views.test_account_viewset.AccountViewSetTests" name="test_update_sentry_plan_monthly_with_users_org" time="0.046" /><testcase classname="api.internal.tests.views.test_account_viewset.AccountViewSetTests" name="test_update_sentry_plan_non_sentry_user" time="0.024" /><testcase classname="api.internal.tests.views.test_account_viewset.AccountViewSetTests" name="test_update_team_plan_must_fail_if_currently_team_plan_add_too_many_users" time="0.029" /><testcase classname="api.internal.tests.views.test_account_viewset.AccountViewSetTests" name="test_update_team_plan_must_fail_if_too_many_activated_users_during_trial" time="0.026" /><testcase classname="api.internal.tests.views.test_account_viewset.AccountViewSetTests" name="test_update_without_admin_permissions_returns_404" time="0.022" /><testcase classname="api.internal.tests.views.test_account_viewset.EnterpriseAccountViewSetTests" name="test_retrieve_own_account_give_200" time="0.029" /><testcase classname="api.internal.tests.views.test_compare_viewset.TestCompareViewSetRetrieve" name="test_accepts_pullid_query_param" time="0.055" /><testcase classname="api.internal.tests.views.test_compare_viewset.TestCompareViewSetRetrieve" name="test_can_return_public_repo_comparison_with_not_authenticated" time="0.042" /><testcase classname="api.internal.tests.views.test_compare_viewset.TestCompareViewSetRetrieve" name="test_diffs_larger_than_MAX_DIFF_SIZE_doesnt_include_lines" time="0.034" /><testcase classname="api.internal.tests.views.test_compare_viewset.TestCompareViewSetRetrieve" name="test_file_ignores_MAX_DIFF_SIZE" time="0.038" /><testcase classname="api.internal.tests.views.test_compare_viewset.TestCompareViewSetRetrieve" name="test_file_returns_compare_file_with_diff_and_src_data" time="0.039" /><testcase classname="api.internal.tests.views.test_compare_viewset.TestCompareViewSetRetrieve" name="test_missing_base_report_returns_none_base_totals" time="0.036" /><testcase classname="api.internal.tests.views.test_compare_viewset.TestCompareViewSetRetrieve" name="test_no_raw_reports_returns_404" time="0.034" /><testcase classname="api.internal.tests.views.test_compare_viewset.TestCompareViewSetRetrieve" name="test_pull_request_pseudo_comparison_can_update_base_report" time="0.041" /><testcase classname="api.internal.tests.views.test_compare_viewset.TestCompareViewSetRetrieve" name="test_pull_request_pseudo_comparison_returns_error_if_coverage_offsets_not_allowed" time="0.034" /><testcase classname="api.internal.tests.views.test_compare_viewset.TestCompareViewSetRetrieve" name="test_pullid_with_nonexistent_base_returns_404" time="0.033" /><testcase classname="api.internal.tests.views.test_compare_viewset.TestCompareViewSetRetrieve" name="test_pullid_with_nonexistent_head_returns_404" time="0.034" /><testcase classname="api.internal.tests.views.test_compare_viewset.TestCompareViewSetRetrieve" name="test_returns_200_and_expected_files_on_success" time="0.034" /><testcase classname="api.internal.tests.views.test_compare_viewset.TestCompareViewSetRetrieve" name="test_returns_403_if_user_inactive" time="0.029" /><testcase classname="api.internal.tests.views.test_compare_viewset.TestCompareViewSetRetrieve" name="test_returns_404_if_base_or_head_references_not_found" time="0.030" /><testcase classname="api.internal.tests.views.test_compare_viewset.TestCompareViewSetRetrieve" name="test_returns_404_if_user_doesnt_have_permissions" time="0.037" /><testcase classname="api.internal.tests.views.test_coverage_viewset.CoverageViewSetTests" name="test_tree" time="0.039" /><testcase classname="api.internal.tests.views.test_coverage_viewset.CoverageViewSetTests" name="test_tree_branch" time="0.027" /><testcase classname="api.internal.tests.views.test_coverage_viewset.CoverageViewSetTests" name="test_tree_missing_branch" time="0.025" /><testcase classname="api.internal.tests.views.test_coverage_viewset.CoverageViewSetTests" name="test_tree_missing_report" time="0.025" /><testcase classname="api.internal.tests.views.test_coverage_viewset.CoverageViewSetTests" name="test_tree_missing_sha" time="0.023" /><testcase classname="api.internal.tests.views.test_coverage_viewset.CoverageViewSetTests" name="test_tree_no_data_for_components" time="0.024" /><testcase classname="api.internal.tests.views.test_coverage_viewset.CoverageViewSetTests" name="test_tree_no_data_for_flags" time="0.022" /><testcase classname="api.internal.tests.views.test_coverage_viewset.CoverageViewSetTests" name="test_tree_not_found_for_components" time="0.022" /><testcase classname="api.internal.tests.views.test_coverage_viewset.CoverageViewSetTests" name="test_tree_sha" time="0.022" /><testcase classname="api.internal.tests.views.test_current_user_view.CurrentUserViewTests" name="test_current_user_authenticated" time="0.026" /><testcase classname="api.internal.tests.views.test_current_user_view.CurrentUserViewTests" name="test_current_user_unauthenticated" time="0.012" /><testcase classname="api.internal.tests.views.test_owner_viewset.OwnerViewSetTests" name="test_retrieve_owner_unknown_service_returns_404" time="0.015" /><testcase classname="api.internal.tests.views.test_owner_viewset.OwnerViewSetTests" name="test_retrieve_returns_404_if_no_matching_username" time="0.013" /><testcase classname="api.internal.tests.views.test_owner_viewset.OwnerViewSetTests" name="test_retrieve_returns_owner_with_period_username" time="0.013" /><testcase classname="api.internal.tests.views.test_owner_viewset.OwnerViewSetTests" name="test_retrieve_returns_owner_with_username" time="0.014" /><testcase classname="api.internal.tests.views.test_self_hosted_settings_viewset.SettingsViewsetUnauthenticatedTestCase" name="test_settings" time="0.010" /><testcase classname="api.internal.tests.views.test_self_hosted_settings_viewset.SettingsViewsetNonadminTestCase" name="test_settings" time="0.028" /><testcase classname="api.internal.tests.views.test_slack_view.SlackViewSetTests" name="test_generate_access_token_already_exists" time="0.034" /><testcase classname="api.internal.tests.views.test_slack_view.SlackViewSetTests" name="test_generate_access_token_missing_headers" time="0.007" /><testcase classname="api.internal.tests.views.test_slack_view.SlackViewSetTests" name="test_generate_access_token_success" time="0.012" /><testcase classname="api.internal.tests.views.test_slack_view.SlackViewSetTests" name="test_generate_access_token_with_invalid_owner" time="0.011" /><testcase classname="api.internal.tests.views.test_slack_view.SlackViewSetTests" name="test_generate_access_token_with_invalid_service" time="0.007" /><testcase classname="api.internal.tests.views.test_slack_view.SlackViewSetTests" name="test_generate_access_token_with_invalid_token" time="0.007" /><testcase classname="api.public.v1.tests.views.test_pull_viewset.PullViewSetTests" name="test_create_new_pull_user_provided_base" time="0.044" /><testcase classname="api.public.v1.tests.views.test_pull_viewset.PullViewSetTests" name="test_get_pull" time="0.031" /><testcase classname="api.public.v1.tests.views.test_pull_viewset.PullViewSetTests" name="test_get_pull_no_permissions" time="0.050" /><testcase classname="api.public.v1.tests.views.test_pull_viewset.PullViewSetTests" name="test_get_pulls" time="0.050" /><testcase classname="api.public.v1.tests.views.test_pull_viewset.PullViewSetTests" name="test_get_pulls_no_permissions" time="0.019" /><testcase classname="api.public.v1.tests.views.test_pull_viewset.PullViewSetTests" name="test_get_pulls_wrong_repo_token" time="0.020" /><testcase classname="api.public.v1.tests.views.test_pull_viewset.PullViewSetTests" name="test_post_pull_user_provided_base" time="0.020" /><testcase classname="api.public.v1.tests.views.test_pull_viewset.PullViewSetTests" name="test_update_pull_user_provided_base" time="0.025" /><testcase classname="api.public.v1.tests.views.test_pull_viewset.PullViewSetTests" name="test_update_pull_user_provided_base_no_permissions" time="0.023" /><testcase classname="api.public.v2.tests.test_api_commit_viewset.RepoCommitListTestCase" name="test_commit_list_authenticated" time="0.043" /><testcase classname="api.public.v2.tests.test_api_commit_viewset.RepoCommitListTestCase" name="test_commit_list_not_authenticated" time="0.034" /><testcase classname="api.public.v2.tests.test_api_commit_viewset.RepoCommitListTestCase" name="test_commit_list_null_coverage" time="0.029" /><testcase classname="api.public.v2.tests.test_api_commit_viewset.RepoCommitDetailTestCase" name="test_commit_detail_authenticated" time="0.036" /><testcase classname="api.public.v2.tests.test_api_commit_viewset.RepoCommitDetailTestCase" name="test_commit_detail_not_authenticated" time="0.032" /><testcase classname="api.public.v2.tests.test_api_commit_viewset.RepoCommitUploadsTestCase" name="test_commit_uploads_authenticated" time="0.052" /><testcase classname="api.public.v2.tests.test_api_commit_viewset.RepoCommitUploadsTestCase" name="test_commit_uploads_not_authenticated" time="0.052" /><testcase classname="api.public.v2.tests.test_api_commit_viewset.RepoCommitUploadsTestCase" name="test_commit_uploads_pagination" time="0.044" /><testcase classname="api.public.v2.tests.test_api_compare_viewset.TestCompareViewSetRetrieve" name="test_accepts_pullid_query_param" time="0.051" /><testcase classname="api.public.v2.tests.test_api_compare_viewset.TestCompareViewSetRetrieve" name="test_can_return_public_repo_comparison_with_not_authenticated" time="0.045" /><testcase classname="api.public.v2.tests.test_api_compare_viewset.TestCompareViewSetRetrieve" name="test_components_comparison" time="0.037" /><testcase classname="api.public.v2.tests.test_api_compare_viewset.TestCompareViewSetRetrieve" name="test_file_ignores_MAX_DIFF_SIZE" time="0.039" /><testcase classname="api.public.v2.tests.test_api_compare_viewset.TestCompareViewSetRetrieve" name="test_file_returns_compare_file_with_diff_and_src_data" time="0.036" /><testcase classname="api.public.v2.tests.test_api_compare_viewset.TestCompareViewSetRetrieve" name="test_flags_comparison" time="0.031" /><testcase classname="api.public.v2.tests.test_api_compare_viewset.TestCompareViewSetRetrieve" name="test_has_diff_query_param" time="0.048" /><testcase classname="api.public.v2.tests.test_api_compare_viewset.TestCompareViewSetRetrieve" name="test_missing_base_report_returns_none_base_totals" time="0.035" /><testcase classname="api.public.v2.tests.test_api_compare_viewset.TestCompareViewSetRetrieve" name="test_no_raw_reports_returns_404" time="0.030" /><testcase classname="api.public.v2.tests.test_api_compare_viewset.TestCompareViewSetRetrieve" name="test_pull_request_pseudo_comparison_can_update_base_report" time="0.038" /><testcase classname="api.public.v2.tests.test_api_compare_viewset.TestCompareViewSetRetrieve" name="test_pull_request_pseudo_comparison_returns_error_if_coverage_offsets_not_allowed" time="0.033" /><testcase classname="api.public.v2.tests.test_api_compare_viewset.TestCompareViewSetRetrieve" name="test_pullid_with_nonexistent_base_returns_404" time="0.034" /><testcase classname="api.public.v2.tests.test_api_compare_viewset.TestCompareViewSetRetrieve" name="test_pullid_with_nonexistent_head_returns_404" time="0.033" /><testcase classname="api.public.v2.tests.test_api_compare_viewset.TestCompareViewSetRetrieve" name="test_returns_200_and_expected_files_on_success" time="0.036" /><testcase classname="api.public.v2.tests.test_api_compare_viewset.TestCompareViewSetRetrieve" name="test_returns_403_if_user_inactive" time="0.030" /><testcase classname="api.public.v2.tests.test_api_compare_viewset.TestCompareViewSetRetrieve" name="test_returns_404_if_base_or_head_references_not_found" time="0.032" /><testcase classname="api.public.v2.tests.test_api_compare_viewset.TestCompareViewSetRetrieve" name="test_returns_404_if_user_doesnt_have_permissions" time="0.029" /><testcase classname="api.public.v2.tests.test_api_compare_viewset.TestImpactedFilesComparison" name="test_impacted_file_segment_found" time="0.070" /><testcase classname="api.public.v2.tests.test_api_compare_viewset.TestImpactedFilesComparison" name="test_impacted_file_segment_not_found" time="0.056" /><testcase classname="api.public.v2.tests.test_api_compare_viewset.TestImpactedFilesComparison" name="test_impacted_files_200_found" time="0.046" /><testcase classname="api.public.v2.tests.test_api_compare_viewset.TestImpactedFilesComparison" name="test_impacted_files_200_not_found" time="0.050" /><testcase classname="api.public.v2.tests.test_api_component_viewset.ComponentViewSetTestCase" name="test_component_list" time="0.046" /><testcase classname="api.public.v2.tests.test_api_component_viewset.ComponentViewSetTestCase" name="test_component_list_no_coverage" time="0.034" /><testcase classname="api.public.v2.tests.test_api_coverage_viewset.CoverageViewSetTestCase" name="test_flag_coverage" time="0.240" /><testcase classname="api.public.v2.tests.test_api_coverage_viewset.CoverageViewSetTestCase" name="test_flag_coverage_missing_flag" time="0.027" /><testcase classname="api.public.v2.tests.test_api_coverage_viewset.CoverageViewSetTestCase" name="test_repo_coverage" time="0.047" /><testcase classname="api.public.v2.tests.test_api_coverage_viewset.CoverageViewSetTestCase" name="test_repo_coverage_branch" time="0.044" /><testcase classname="api.public.v2.tests.test_api_coverage_viewset.CoverageViewSetTestCase" name="test_repo_coverage_invalid_interval" time="0.024" /><testcase classname="api.public.v2.tests.test_api_coverage_viewset.CoverageViewSetTestCase" name="test_repo_coverage_no_interval" time="0.024" /><testcase classname="api.public.v2.tests.test_api_owner_viewset.OwnerViewSetTests" name="test_retrieve_owner_unknown_service_returns_404" time="0.007" /><testcase classname="api.public.v2.tests.test_api_owner_viewset.OwnerViewSetTests" name="test_retrieve_returns_404_if_no_matching_username" time="0.007" /><testcase classname="api.public.v2.tests.test_api_owner_viewset.OwnerViewSetTests" name="test_retrieve_returns_owner_with_period_username" time="0.010" /><testcase classname="api.public.v2.tests.test_api_owner_viewset.OwnerViewSetTests" name="test_retrieve_returns_owner_with_username" time="0.007" /><testcase classname="api.public.v2.tests.test_api_owner_viewset.UserViewSetTests" name="test_list" time="0.029" /><testcase classname="api.public.v2.tests.test_api_owner_viewset.UserViewSetTests" name="test_retrieve_by_ownerid" time="0.022" /><testcase classname="api.public.v2.tests.test_api_owner_viewset.UserViewSetTests" name="test_retrieve_by_username" time="0.023" /><testcase classname="api.public.v2.tests.test_api_owner_viewset.UserViewSetTests" name="test_retrieve_cannot_get_details_if_not_member_of_org" time="0.030" /><testcase classname="api.public.v2.tests.test_api_owner_viewset.UserViewSetTests" name="test_retrieve_cannot_get_details_of_members_of_other_orgs" time="0.035" /><testcase classname="api.public.v2.tests.test_file_report_viewset.FileReportViewSetTestCase" name="test_file_report" time="0.043" /><testcase classname="api.public.v2.tests.test_file_report_viewset.FileReportViewSetTestCase" name="test_file_report_large_walk_back" time="0.026" /><testcase classname="api.public.v2.tests.test_file_report_viewset.FileReportViewSetTestCase" name="test_file_report_missing_file" time="0.033" /><testcase classname="api.public.v2.tests.test_file_report_viewset.FileReportViewSetTestCase" name="test_file_report_missing_parent_commit" time="0.030" /><testcase classname="api.public.v2.tests.test_file_report_viewset.FileReportViewSetTestCase" name="test_file_report_no_walk_back" time="0.031" /><testcase classname="api.public.v2.tests.test_file_report_viewset.FileReportViewSetTestCase" name="test_file_report_not_enough_walk_back" time="0.032" /><testcase classname="api.public.v2.tests.test_file_report_viewset.FileReportViewSetTestCase" name="test_file_report_walk_back_commit_not_complete" time="0.032" /><testcase classname="api.public.v2.tests.test_file_report_viewset.FileReportViewSetTestCase" name="test_file_report_walk_back_commit_not_found" time="0.030" /><testcase classname="api.public.v2.tests.test_file_report_viewset.FileReportViewSetTestCase" name="test_file_report_walk_back_found" time="0.029" /><testcase classname="api.public.v2.tests.test_file_report_viewset.FileReportViewSetTestCase" name="test_file_report_walk_back_no_parent" time="0.030" /><testcase classname="api.public.v2.tests.test_file_report_viewset.FileReportViewSetTestCase" name="test_file_report_with_walk_back" time="0.031" /><testcase classname="api.public.v2.tests.test_file_report_viewset.FileReportViewSetTestCase" name="test_file_report_with_walk_back_oldest_sha" time="0.029" /><testcase classname="api.public.v2.tests.test_flag_viewset.FlagViewSetTestCase" name="test_flag_list" time="0.043" /><testcase classname="api.public.v2.tests.test_owners_view.OwnersViewTestCase" name="test_owners_list" time="0.036" /><testcase classname="api.public.v2.tests.test_owners_view.OwnersViewTestCase" name="test_owners_list_invalid_service" time="0.023" /><testcase classname="api.public.v2.tests.test_owners_view.OwnersViewTestCase" name="test_owners_list_unauthenticated" time="0.015" /><testcase classname="api.public.v2.tests.test_report_tree.ReportTreeTests" name="test_tree" time="0.032" /><testcase classname="api.public.v2.tests.test_report_tree.ReportTreeTests" name="test_tree_depth" time="0.021" /><testcase classname="api.public.v2.tests.test_report_tree.ReportTreeTests" name="test_tree_path" time="0.021" /><testcase classname="api.public.v2.tests.test_report_viewset.ReportViewSetTestCase" name="test_no_report_if_not_super_token_nor_user_token" time="0.036" /><testcase classname="api.public.v2.tests.test_report_viewset.ReportViewSetTestCase" name="test_no_report_if_super_token_but_no_GET_request" time="0.023" /><testcase classname="api.public.v2.tests.test_report_viewset.ReportViewSetTestCase" name="test_no_report_if_unauthenticated_token_request" time="0.024" /><testcase classname="api.public.v2.tests.test_report_viewset.ReportViewSetTestCase" name="test_report" time="0.031" /><testcase classname="api.public.v2.tests.test_report_viewset.ReportViewSetTestCase" name="test_report_branch" time="0.028" /><testcase classname="api.public.v2.tests.test_report_viewset.ReportViewSetTestCase" name="test_report_commit_sha" time="0.027" /><testcase classname="api.public.v2.tests.test_report_viewset.ReportViewSetTestCase" name="test_report_component" time="0.061" /><testcase classname="api.public.v2.tests.test_report_viewset.ReportViewSetTestCase" name="test_report_flag" time="0.036" /><testcase classname="api.public.v2.tests.test_report_viewset.ReportViewSetTestCase" name="test_report_flag_and_path" time="0.029" /><testcase classname="api.public.v2.tests.test_report_viewset.ReportViewSetTestCase" name="test_report_invalid_path" time="0.028" /><testcase classname="api.public.v2.tests.test_report_viewset.ReportViewSetTestCase" name="test_report_missing_report" time="0.027" /><testcase classname="api.public.v2.tests.test_report_viewset.ReportViewSetTestCase" name="test_report_nonexistent_branch" time="0.028" /><testcase classname="api.public.v2.tests.test_report_viewset.ReportViewSetTestCase" name="test_report_nonexistent_commit_sha" time="0.027" /><testcase classname="api.public.v2.tests.test_report_viewset.ReportViewSetTestCase" name="test_report_path" time="0.028" /><testcase classname="api.public.v2.tests.test_report_viewset.ReportViewSetTestCase" name="test_report_path_regex_filter" time="0.040" /><testcase classname="api.public.v2.tests.test_report_viewset.ReportViewSetTestCase" name="test_report_success_if_token_is_not_super_but_is_user_token" time="0.030" /><testcase classname="api.public.v2.tests.test_report_viewset.ReportViewSetTestCase" name="test_report_super_token_permission_success" time="0.028" /><testcase classname="api.public.v2.tests.test_totals_viewset.TotalsViewSetTestCase" name="test_no_report_if_unauthenticated_token_request" time="0.033" /><testcase classname="api.public.v2.tests.test_totals_viewset.TotalsViewSetTestCase" name="test_report" time="0.028" /><testcase classname="api.public.v2.tests.test_totals_viewset.TotalsViewSetTestCase" name="test_report_branch" time="0.026" /><testcase classname="api.public.v2.tests.test_totals_viewset.TotalsViewSetTestCase" name="test_report_commit_sha" time="0.025" /><testcase classname="api.public.v2.tests.test_totals_viewset.TotalsViewSetTestCase" name="test_report_component" time="0.042" /><testcase classname="api.public.v2.tests.test_totals_viewset.TotalsViewSetTestCase" name="test_report_flag" time="0.036" /><testcase classname="api.public.v2.tests.test_totals_viewset.TotalsViewSetTestCase" name="test_report_invalid_path" time="0.027" /><testcase classname="api.public.v2.tests.test_totals_viewset.TotalsViewSetTestCase" name="test_report_nonexistent_branch" time="0.029" /><testcase classname="api.public.v2.tests.test_totals_viewset.TotalsViewSetTestCase" name="test_report_nonexistent_commit_sha" time="0.028" /><testcase classname="api.public.v2.tests.test_totals_viewset.TotalsViewSetTestCase" name="test_report_path" time="0.032" /><testcase classname="billing.tests.test_helpers.HelpersTestCase" name="test_on_enterprise_plan_cloud" time="0.012" /><testcase classname="billing.tests.test_helpers.HelpersTestCase" name="test_on_enterprise_plan_enterpise_cloud" time="0.006" /><testcase classname="billing.tests.test_helpers.HelpersTestCase" name="test_on_enterprise_plan_on_prem" time="0.005" /><testcase classname="billing.tests.test_views.StripeWebhookHandlerTests" name="test_checkout_session_completed_sets_stripe_customer_id" time="0.018" /><testcase classname="billing.tests.test_views.StripeWebhookHandlerTests" name="test_customer_created_logs_and_doesnt_crash" time="0.008" /><testcase classname="billing.tests.test_views.StripeWebhookHandlerTests" name="test_customer_subscription_created_can_trigger_trial_expiration" time="0.212" /><testcase classname="billing.tests.test_views.StripeWebhookHandlerTests" name="test_customer_subscription_created_does_nothing_if_no_plan_id" time="0.009" /><testcase classname="billing.tests.test_views.StripeWebhookHandlerTests" name="test_customer_subscription_created_does_nothing_if_plan_not_paid_user_plan" time="0.008" /><testcase classname="billing.tests.test_views.StripeWebhookHandlerTests" name="test_customer_subscription_created_sets_plan_info" time="0.011" /><testcase classname="billing.tests.test_views.StripeWebhookHandlerTests" name="test_customer_subscription_deleted_deactivates_all_repos" time="0.016" /><testcase classname="billing.tests.test_views.StripeWebhookHandlerTests" name="test_customer_subscription_deleted_no_customer" time="0.008" /><testcase classname="billing.tests.test_views.StripeWebhookHandlerTests" name="test_customer_subscription_deleted_sets_plan_to_free" time="0.010" /><testcase classname="billing.tests.test_views.StripeWebhookHandlerTests" name="test_customer_subscription_updated_does_not_change_subscription_if_not_paid_user_plan" time="0.088" /><testcase classname="billing.tests.test_views.StripeWebhookHandlerTests" name="test_customer_subscription_updated_does_not_change_subscription_if_there_is_a_schedule" time="0.009" /><testcase classname="billing.tests.test_views.StripeWebhookHandlerTests" name="test_customer_subscription_updated_sets_fields_on_success" time="0.009" /><testcase classname="billing.tests.test_views.StripeWebhookHandlerTests" name="test_customer_subscription_updated_sets_free_and_deactivates_all_repos_if_incomplete_expired" time="0.017" /><testcase classname="billing.tests.test_views.StripeWebhookHandlerTests" name="test_customer_update_but_not_payment_method" time="0.006" /><testcase classname="billing.tests.test_views.StripeWebhookHandlerTests" name="test_customer_update_payment_method" time="0.007" /><testcase classname="billing.tests.test_views.StripeWebhookHandlerTests" name="test_invalid_event_signature" time="0.006" /><testcase classname="billing.tests.test_views.StripeWebhookHandlerTests" name="test_invoice_payment_failed_sets_owner_delinquent_true" time="0.008" /><testcase classname="billing.tests.test_views.StripeWebhookHandlerTests" name="test_invoice_payment_succeeded_sets_owner_delinquent_false" time="0.011" /><testcase classname="billing.tests.test_views.StripeWebhookHandlerTests" name="test_subscription_schedule_created_logs_a_new_schedule" time="0.008" /><testcase classname="billing.tests.test_views.StripeWebhookHandlerTests" name="test_subscription_schedule_released_updates_owner_with_existing_subscription" time="0.009" /><testcase classname="billing.tests.test_views.StripeWebhookHandlerTests" name="test_subscription_schedule_updated_logs_changes_to_schedule" time="0.009" /><testcase classname="codecov.tests.test_urls.ViewTest" name="test_health" time="0.008" /><testcase classname="codecov.tests.test_urls.ViewTest" name="test_redirect_app" time="0.004" /><testcase classname="codecov.tests.test_views.OwnerAutocompleteSearchTest" name="test_search_by_one_term_owner" time="0.025" /><testcase classname="codecov.tests.test_views.OwnerAutocompleteSearchTest" name="test_search_by_one_term_service" time="0.018" /><testcase classname="codecov.tests.test_views.OwnerAutocompleteSearchTest" name="test_search_by_two_terms" time="0.017" /><testcase classname="codecov.tests.test_views.OwnerAutocompleteSearchTest" name="test_unauthorized_access" time="0.019" /><testcase classname="codecov.tests.test_views.RepositoryAutocompleteSearchTest" name="test_search_by_one_term_repo" time="0.032" /><testcase classname="codecov.tests.test_views.RepositoryAutocompleteSearchTest" name="test_search_by_one_term_service" time="0.024" /><testcase classname="codecov.tests.test_views.RepositoryAutocompleteSearchTest" name="test_search_by_three_terms" time="0.022" /><testcase classname="codecov.tests.test_views.RepositoryAutocompleteSearchTest" name="test_search_by_three_terms_invalid_service" time="0.020" /><testcase classname="codecov.tests.test_views.RepositoryAutocompleteSearchTest" name="test_search_by_two_terms_owner" time="0.022" /><testcase classname="codecov.tests.test_views.RepositoryAutocompleteSearchTest" name="test_search_by_two_terms_service" time="0.029" /><testcase classname="codecov.tests.test_views.RepositoryAutocompleteSearchTest" name="test_unauthorized_access" time="0.027" /><testcase classname="codecov_auth.management.commands.tests.test_set_trial_status_values.OwnerCommandTestCase" name="test_set_trial_status_values" time="0.071" /><testcase classname="codecov_auth.tests.test_admin.OwnerAdminTest" name="test_account_widget" time="0.018" /><testcase classname="codecov_auth.tests.test_admin.OwnerAdminTest" name="test_confirmation_deleted_objects" time="0.010" /><testcase classname="codecov_auth.tests.test_admin.OwnerAdminTest" name="test_delete_model" time="0.009" /><testcase classname="codecov_auth.tests.test_admin.OwnerAdminTest" name="test_delete_queryset" time="0.010" /><testcase classname="codecov_auth.tests.test_admin.OwnerAdminTest" name="test_extend_trial_action" time="0.024" /><testcase classname="codecov_auth.tests.test_admin.OwnerAdminTest" name="test_inline_orgwide_add_token_permission_no_token_and_user_in_enterprise_cloud_plan" time="0.011" /><testcase classname="codecov_auth.tests.test_admin.OwnerAdminTest" name="test_inline_orgwide_add_token_permission_no_token_user_not_in_enterprise_cloud_plan" time="0.011" /><testcase classname="codecov_auth.tests.test_admin.OwnerAdminTest" name="test_inline_orgwide_permissions" time="0.013" /><testcase classname="codecov_auth.tests.test_admin.OwnerAdminTest" name="test_inline_orgwide_tokens_display" time="0.009" /><testcase classname="codecov_auth.tests.test_admin.OwnerAdminTest" name="test_org_token_refresh_request_calls_service_to_refresh_token" time="0.025" /><testcase classname="codecov_auth.tests.test_admin.OwnerAdminTest" name="test_org_token_request_doesnt_call_service_to_refresh_token" time="0.025" /><testcase classname="codecov_auth.tests.test_admin.OwnerAdminTest" name="test_owner_admin_detail_page" time="0.059" /><testcase classname="codecov_auth.tests.test_admin.OwnerAdminTest" name="test_owner_admin_impersonate_owner" time="0.038" /><testcase classname="codecov_auth.tests.test_admin.OwnerAdminTest" name="test_prev_and_new_values_in_log_entry" time="0.011" /><testcase classname="codecov_auth.tests.test_admin.OwnerAdminTest" name="test_start_trial_action" time="0.016" /><testcase classname="codecov_auth.tests.test_admin.OwnerAdminTest" name="test_start_trial_paid_plan" time="0.014" /><testcase classname="codecov_auth.tests.test_admin.OwnerAdminTest" name="test_start_trial_ui_display" time="0.017" /><testcase classname="codecov_auth.tests.test_admin.UserAdminTest" name="test_user_admin_detail_page" time="0.031" /><testcase classname="codecov_auth.tests.test_admin.UserAdminTest" name="test_user_admin_list_page" time="0.019" /><testcase classname="codecov_auth.tests.test_admin.SentryUserAdminTest" name="test_user_admin_detail_page" time="0.024" /><testcase classname="codecov_auth.tests.test_admin.SentryUserAdminTest" name="test_user_admin_list_page" time="0.021" /><testcase classname="codecov_auth.tests.test_admin.AccountAdminTest" name="test_detail_page" time="0.068" /><testcase classname="codecov_auth.tests.test_admin.AccountAdminTest" name="test_link_users_to_account" time="0.068" /><testcase classname="codecov_auth.tests.test_admin.AccountAdminTest" name="test_link_users_to_account_not_enough_seats" time="0.040" /><testcase classname="codecov_auth.tests.test_admin.AccountAdminTest" name="test_link_users_to_account_remove_unneeded_account_users" time="0.077" /><testcase classname="codecov_auth.tests.test_admin.AccountAdminTest" name="test_list_page" time="0.040" /><testcase classname="codecov_auth.tests.test_admin.AccountAdminTest" name="test_seat_check" time="0.042" /><testcase classname="codecov_auth.tests.test_admin.StripeBillingAdminTest" name="test_account_widget" time="0.016" /><testcase classname="codecov_auth.tests.test_admin.InvoiceBillingAdminTest" name="test_account_widget" time="0.015" /><testcase classname="codecov_auth.tests.test_migrations.Migration0046Test" name="test_admins_deduped" time="0.000"><skipped type="pytest.skip" message="move to shared">/app-dir/codecov_auth/tests/test_migrations.py:57: move to shared</skipped></testcase><testcase classname="codecov_auth.tests.test_signals" name="test_shelter_org_token_sync" time="0.014" /><testcase classname="codecov_auth.tests.unit.services.test_org_level_token_service" name="test_token_is_deleted_when_changing_user_plan" time="0.012" /><testcase classname="codecov_auth.tests.unit.test_authentication.UserTokenAuthenticationTests" name="test_bearer_token_auth" time="0.006" /><testcase classname="codecov_auth.tests.unit.test_authentication.UserTokenAuthenticationTests" name="test_bearer_token_auth_expired_token" time="0.006" /><testcase classname="codecov_auth.tests.unit.test_authentication.UserTokenAuthenticationTests" name="test_bearer_token_auth_invalid_token" time="0.003" /><testcase classname="codecov_auth.tests.unit.test_authentication.UserTokenAuthenticationTests" name="test_bearer_token_auth_malformed_header" time="0.001" /><testcase classname="codecov_auth.tests.unit.test_authentication.UserTokenAuthenticationTests" name="test_bearer_token_auth_no_authorization_header" time="0.002" /><testcase classname="codecov_auth.tests.unit.test_authentication.SuperTokenAuthenticationTests" name="test_bearer_token_auth_if_token_is_super_token" time="0.004" /><testcase classname="codecov_auth.tests.unit.test_authentication.SuperTokenAuthenticationTests" name="test_bearer_token_auth_invalid_super_token" time="0.002" /><testcase classname="codecov_auth.tests.unit.test_authentication.SuperTokenAuthenticationTests" name="test_bearer_token_default_token_envar" time="0.001" /><testcase classname="codecov_auth.tests.unit.test_authentication.SuperTokenAuthenticationTests" name="test_bearer_token_default_token_envar_and_same_string_as_header" time="0.002" /><testcase classname="codecov_auth.tests.unit.test_authentication.InternalTokenAuthenticationTests" name="test_bearer_token_auth_if_token_is_internal_token" time="0.004" /><testcase classname="codecov_auth.tests.unit.test_authentication.InternalTokenAuthenticationTests" name="test_bearer_token_auth_if_token_is_not_internal_token" time="0.002" /><testcase classname="codecov_auth.tests.unit.test_authentication.InternalTokenAuthenticationTests" name="test_bearer_token_default_token_envar_and_same_string_as_header" time="0.002" /><testcase classname="codecov_auth.tests.unit.test_helpers" name="test_current_user_part_of_org_when_user_not_authenticated" time="0.010" /><testcase classname="codecov_auth.tests.unit.test_helpers" name="test_current_user_part_of_org_when_user_is_owner" time="0.004" /><testcase classname="codecov_auth.tests.unit.test_helpers" name="test_current_user_part_of_org_when_user_doesnt_have_org" time="0.008" /><testcase classname="codecov_auth.tests.unit.test_helpers" name="test_current_user_part_of_org_when_user_has_org" time="0.010" /><testcase classname="codecov_auth.tests.unit.test_helpers" name="test_log_entry" time="0.010" /><testcase classname="codecov_auth.tests.unit.test_helpers" name="test_log_entry_no_object" time="0.005" /><testcase classname="codecov_auth.tests.unit.test_managers.OwnerManagerTests" name="test_users_of" time="0.031" /><testcase classname="codecov_auth.tests.unit.test_middleware.MiddlewareTest" name="test_non_whitelisted_origin" time="0.007" /><testcase classname="codecov_auth.tests.unit.test_middleware.MiddlewareTest" name="test_whitelisted_origin" time="0.004" /><testcase classname="codecov_auth.tests.unit.test_repo_authentication.TestRepositoryLegacyQueryTokenAuthentication" name="test_authenticate_uuid_token_no_repo" time="0.003" /><testcase classname="codecov_auth.tests.unit.test_repo_authentication.TestRepositoryLegacyQueryTokenAuthentication" name="test_authenticate_uuid_token_with_repo" time="0.016" /><testcase classname="codecov_auth.tests.unit.test_repo_authentication.TestRepositoryLegacyTokenAuthentication" name="test_authenticate_credentials_empty" time="0.002" /><testcase classname="codecov_auth.tests.unit.test_repo_authentication.TestRepositoryLegacyTokenAuthentication" name="test_authenticate_credentials_not_uuid" time="0.002" /><testcase classname="codecov_auth.tests.unit.test_repo_authentication.TestRepositoryLegacyTokenAuthentication" name="test_authenticate_credentials_uuid_no_repo" time="0.002" /><testcase classname="codecov_auth.tests.unit.test_repo_authentication.TestRepositoryLegacyTokenAuthentication" name="test_authenticate_credentials_uuid_token_with_repo" time="0.006" /><testcase classname="codecov_auth.tests.unit.test_repo_authentication.TestRepositoryTableTokenAuthentication" name="test_authenticate_credentials_empty" time="0.003" /><testcase classname="codecov_auth.tests.unit.test_repo_authentication.TestRepositoryTableTokenAuthentication" name="test_authenticate_credentials_valid_token_no_repo" time="0.002" /><testcase classname="codecov_auth.tests.unit.test_repo_authentication.TestRepositoryTableTokenAuthentication" name="test_authenticate_credentials_uuid_token_with_repo" time="0.007" /><testcase classname="codecov_auth.tests.unit.test_repo_authentication.TestRepositoryTableTokenAuthentication" name="test_authenticate_credentials_uuid_token_with_repo_not_active" time="0.007" /><testcase classname="codecov_auth.tests.unit.test_repo_authentication.TestRepositoryTableTokenAuthentication" name="test_authenticate_credentials_uuid_token_with_repo_valid_until_not_reached" time="0.006" /><testcase classname="codecov_auth.tests.unit.test_repo_authentication.TestRepositoryTableTokenAuthentication" name="test_authenticate_credentials_uuid_token_with_repo_valid_until_already_reached" time="0.006" /><testcase classname="codecov_auth.tests.unit.test_repo_authentication.TestGlobalTokenAuthentication" name="test_authentication_for_enterprise_correct_token_repo_not_exists" time="0.003" /><testcase classname="codecov_auth.tests.unit.test_repo_authentication.TestGlobalTokenAuthentication" name="test_authentication_for_enterprise_correct_token_repo_exists[github]" time="0.007" /><testcase classname="codecov_auth.tests.unit.test_repo_authentication.TestGlobalTokenAuthentication" name="test_authentication_for_enterprise_correct_token_repo_exists[gitlab_single_user]" time="0.007" /><testcase classname="codecov_auth.tests.unit.test_repo_authentication.TestGlobalTokenAuthentication" name="test_authentication_for_enterprise_correct_token_repo_exists[gitlab_subgroup_user]" time="0.006" /><testcase classname="codecov_auth.tests.unit.test_repo_authentication.TestGitHubOIDCTokenAuthentication" name="test_authenticate_credentials_empty_returns_none" time="0.001" /><testcase classname="codecov_auth.tests.unit.test_repo_authentication.TestGitHubOIDCTokenAuthentication" name="test_authenticate_credentials_uuid_returns_none" time="0.002" /><testcase classname="codecov_auth.tests.unit.test_repo_authentication.TestGitHubOIDCTokenAuthentication" name="test_authenticate_credentials_no_repo" time="0.001" /><testcase classname="codecov_auth.tests.unit.test_repo_authentication.TestGitHubOIDCTokenAuthentication" name="test_authenticate_credentials_oidc_error" time="0.001" /><testcase classname="codecov_auth.tests.unit.test_repo_authentication.TestGitHubOIDCTokenAuthentication" name="test_authenticate_credentials_oidc_valid" time="0.007" /><testcase classname="codecov_auth.tests.unit.test_repo_authentication.TestOrgLevelTokenAuthentication" name="test_enterprise_no_token_return_none" time="0.003" /><testcase classname="codecov_auth.tests.unit.test_repo_authentication.TestOrgLevelTokenAuthentication" name="test_owner_has_no_token_return_none" time="0.002" /><testcase classname="codecov_auth.tests.unit.test_repo_authentication.TestOrgLevelTokenAuthentication" name="test_owner_has_token_but_wrong_one_sent_return_none" time="0.008" /><testcase classname="codecov_auth.tests.unit.test_repo_authentication.TestOrgLevelTokenAuthentication" name="test_expired_token_raises_exception" time="0.008" /><testcase classname="codecov_auth.tests.unit.test_repo_authentication.TestOrgLevelTokenAuthentication" name="test_orgleveltoken_success_auth" time="0.018" /><testcase classname="codecov_auth.tests.unit.test_repo_authentication.TestOrgLevelTokenAuthentication" name="test_orgleveltoken_success_auth_enterprise" time="0.018" /><testcase classname="codecov_auth.tests.unit.test_repo_authentication.TestTokenlessAuth" name="test_tokenless_unknown_repository" time="0.003" /><testcase classname="codecov_auth.tests.unit.test_repo_authentication.TestTokenlessAuth" name="test_tokenless_matches_paths[/upload/github/ownerSEPARATORthe_repo/commits-owner/the_repo-None]" time="0.007" /><testcase classname="codecov_auth.tests.unit.test_repo_authentication.TestTokenlessAuth" name="test_tokenless_matches_paths[/upload/github/ownerSEPARATORthe_repo/commits/-owner/the_repo-None]" time="0.007" /><testcase classname="codecov_auth.tests.unit.test_repo_authentication.TestTokenlessAuth" name="test_tokenless_matches_paths[/upload/github/ownerSEPARATORthe_repo/commits/9652fb7ff577f554588ea83afded9000acd084ee/reports-owner/the_repo-9652fb7ff577f554588ea83afded9000acd084ee]" time="0.007" /><testcase classname="codecov_auth.tests.unit.test_repo_authentication.TestTokenlessAuth" name="test_tokenless_matches_paths[/upload/github/ownerSEPARATORthe_repo/commits/9652fb7ff577f554588ea83afded9000acd084ee/reports/-owner/the_repo-9652fb7ff577f554588ea83afded9000acd084ee]" time="0.007" /><testcase classname="codecov_auth.tests.unit.test_repo_authentication.TestTokenlessAuth" name="test_tokenless_matches_paths[/upload/github/ownerSEPARATORthe_repo/commits/9652fb7ff577f554588ea83afded9000acd084ee/reports/default/uploads-owner/the_repo-9652fb7ff577f554588ea83afded9000acd084ee]" time="0.007" /><testcase classname="codecov_auth.tests.unit.test_repo_authentication.TestTokenlessAuth" name="test_tokenless_matches_paths[/upload/github/ownerSEPARATORthe_repo/commits/9652fb7ff577f554588ea83afded9000acd084ee/reports/default/uploads/-owner/the_repo-9652fb7ff577f554588ea83afded9000acd084ee]" time="0.007" /><testcase classname="codecov_auth.tests.unit.test_repo_authentication.TestTokenlessAuth" name="test_tokenless_matches_paths[/upload/github/ownerSEPARATORexample-repo/commits-owner/example-repo-None]" time="0.006" /><testcase classname="codecov_auth.tests.unit.test_repo_authentication.TestTokenlessAuth" name="test_tokenless_matches_paths[/upload/github/ownerSEPARATOR__example-repo__/commits-owner/__example-repo__-None]" time="0.006" /><testcase classname="codecov_auth.tests.unit.test_repo_authentication.TestTokenlessAuth" name="test_tokenless_matches_paths[/upload/github/ownerSEPARATOR~example-repo:copy/commits-owner/~example-repo:copy-None]" time="0.007" /><testcase classname="codecov_auth.tests.unit.test_repo_authentication.TestTokenlessAuth" name="test_tokenless_success[False-None-branch-False]" time="0.008" /><testcase classname="codecov_auth.tests.unit.test_repo_authentication.TestTokenlessAuth" name="test_tokenless_success[False-None-branch-True]" time="0.007" /><testcase classname="codecov_auth.tests.unit.test_repo_authentication.TestTokenlessAuth" name="test_tokenless_success[False-None-fork:branch-False]" time="0.007" /><testcase classname="codecov_auth.tests.unit.test_repo_authentication.TestTokenlessAuth" name="test_tokenless_success[False-None-fork:branch-True]" time="0.007" /><testcase classname="codecov_auth.tests.unit.test_repo_authentication.TestTokenlessAuth" name="test_tokenless_success[True-branch-branch-False]" time="0.022" /><testcase classname="codecov_auth.tests.unit.test_repo_authentication.TestTokenlessAuth" name="test_tokenless_success[True-branch-branch-True]" time="0.016" /><testcase classname="codecov_auth.tests.unit.test_repo_authentication.TestTokenlessAuth" name="test_tokenless_success[True-branch-fork:branch-False]" time="0.017" /><testcase classname="codecov_auth.tests.unit.test_repo_authentication.TestTokenlessAuth" name="test_tokenless_success[True-branch-fork:branch-True]" time="0.016" /><testcase classname="codecov_auth.tests.unit.test_repo_authentication.TestTokenlessAuth" name="test_tokenless_success[True-fork:branch-branch-False]" time="0.016" /><testcase classname="codecov_auth.tests.unit.test_repo_authentication.TestTokenlessAuth" name="test_tokenless_success[True-fork:branch-branch-True]" time="0.016" /><testcase classname="codecov_auth.tests.unit.test_repo_authentication.TestTokenlessAuth" name="test_tokenless_success[True-fork:branch-fork:branch-False]" time="0.015" /><testcase classname="codecov_auth.tests.unit.test_repo_authentication.TestTokenlessAuth" name="test_tokenless_success[True-fork:branch-fork:branch-True]" time="0.015" /><testcase classname="codecov_auth.tests.unit.views.test_base.LoginMixinTests" name="test_adjust_redirection_url_is_unchanged_if_no_default_org" time="0.005" /><testcase classname="codecov_auth.tests.unit.views.test_base.LoginMixinTests" name="test_adjust_redirection_url_is_unchanged_if_no_owner_profile" time="0.004" /><testcase classname="codecov_auth.tests.unit.views.test_base.LoginMixinTests" name="test_adjust_redirection_url_is_unchanged_if_url_is_different_from_base_url" time="0.004" /><testcase classname="codecov_auth.tests.unit.views.test_base.LoginMixinTests" name="test_adjust_redirection_url_user_has_a_default_org_for_bitbucket" time="0.009" /><testcase classname="codecov_auth.tests.unit.views.test_base.LoginMixinTests" name="test_adjust_redirection_url_user_has_a_default_org_for_github" time="0.008" /><testcase classname="codecov_auth.tests.unit.views.test_base.LoginMixinTests" name="test_adjust_redirection_url_user_has_a_default_org_for_github_long_org_name" time="0.008" /><testcase classname="codecov_auth.tests.unit.views.test_base.LoginMixinTests" name="test_adjust_redirection_url_user_has_a_default_org_for_gitlab" time="0.009" /><testcase classname="codecov_auth.tests.unit.views.test_base.LoginMixinTests" name="test_check_user_account_limitations_enterprise_pr_billing" time="0.014" /><testcase classname="codecov_auth.tests.unit.views.test_base.LoginMixinTests" name="test_check_user_account_limitations_enterprise_user_exists_not_pr_billing" time="0.004" /><testcase classname="codecov_auth.tests.unit.views.test_base.LoginMixinTests" name="test_check_user_account_limitations_enterprise_user_new_not_pr_billing" time="0.012" /><testcase classname="codecov_auth.tests.unit.views.test_base.LoginMixinTests" name="test_check_user_account_limitations_not_enterprise" time="0.002" /><testcase classname="codecov_auth.tests.unit.views.test_base.LoginMixinTests" name="test_get_and_modify_user_enterprise_orgs_passes_if_user_in_org" time="0.009" /><testcase classname="codecov_auth.tests.unit.views.test_base.LoginMixinTests" name="test_get_and_modify_user_enterprise_raise_usernotinorganization_error" time="0.002" /><testcase classname="codecov_auth.tests.unit.views.test_base.LoginMixinTests" name="test_get_and_modify_user_passes_if_not_enterprise" time="0.006" /><testcase classname="codecov_auth.tests.unit.views.test_base.LoginMixinTests" name="test_get_marketing_tags_on_enterprise" time="0.002" /><testcase classname="codecov_auth.tests.unit.views.test_base.LoginMixinTests" name="test_get_or_create_calls_analytics_user_signed_in_when_owner_not_created" time="0.005" /><testcase classname="codecov_auth.tests.unit.views.test_base.LoginMixinTests" name="test_get_or_create_calls_analytics_user_signed_up_when_owner_created" time="0.005" /><testcase classname="codecov_auth.tests.unit.views.test_base.LoginMixinTests" name="test_github_teams_restrictions" time="0.009" /><testcase classname="codecov_auth.tests.unit.views.test_base.LoginMixinTests" name="test_github_teams_restrictions_no_teams_in_config" time="0.008" /><testcase classname="codecov_auth.tests.unit.views.test_base.LoginMixinTests" name="test_login_authenticated_with_claimed_owner" time="0.006" /><testcase classname="codecov_auth.tests.unit.views.test_base.LoginMixinTests" name="test_login_authenticated_with_existing_service_owner" time="0.010" /><testcase classname="codecov_auth.tests.unit.views.test_base.LoginMixinTests" name="test_login_authenticated_with_unclaimed_owner" time="0.007" /><testcase classname="codecov_auth.tests.unit.views.test_base.LoginMixinTests" name="test_login_unauthenticated_with_claimed_owner" time="0.005" /><testcase classname="codecov_auth.tests.unit.views.test_base.LoginMixinTests" name="test_login_unauthenticated_with_unclaimed_owner" time="0.005" /><testcase classname="codecov_auth.tests.unit.views.test_base.LoginMixinTests" name="test_set_marketing_tags_on_cookies" time="0.005" /><testcase classname="codecov_auth.tests.unit.views.test_base.LoginMixinTests" name="test_use_marketing_tags_from_cookies" time="0.006" /><testcase classname="codecov_auth.tests.unit.views.test_bitbucket" name="test_get_bitbucket_already_token" time="0.029" /><testcase classname="codecov_auth.tests.unit.views.test_bitbucket" name="test_get_bitbucket_already_token_no_cookie" time="0.007" /><testcase classname="codecov_auth.tests.unit.views.test_bitbucket.TestBitbucketLoginView" name="test_fetch_user_data" time="0.003" /><testcase classname="codecov_auth.tests.unit.views.test_bitbucket_server" name="test_get_bbs_already_token" time="0.032" /><testcase classname="codecov_auth.tests.unit.views.test_github" name="test_get_github_redirect" time="0.009" /><testcase classname="codecov_auth.tests.unit.views.test_github" name="test_get_github_redirect_host_override" time="0.007" /><testcase classname="codecov_auth.tests.unit.views.test_github" name="test_get_github_redirect_with_ghpr_cookie" time="0.008" /><testcase classname="codecov_auth.tests.unit.views.test_github" name="test_get_github_redirect_with_private_url" time="0.008" /><testcase classname="codecov_auth.tests.unit.views.test_github" name="test_get_github_already_with_code" time="0.031" /><testcase classname="codecov_auth.tests.unit.views.test_github" name="test_get_github_already_with_code_github_error" time="0.012" /><testcase classname="codecov_auth.tests.unit.views.test_github" name="test_state_not_known" time="0.006" /><testcase classname="codecov_auth.tests.unit.views.test_github" name="test_get_github_already_with_code_with_email" time="0.050" /><testcase classname="codecov_auth.tests.unit.views.test_github" name="test_get_github_already_with_code_is_student" time="0.046" /><testcase classname="codecov_auth.tests.unit.views.test_github" name="test_get_github_already_owner_already_exist" time="0.055" /><testcase classname="codecov_auth.tests.unit.views.test_github" name="test_get_github_missing_access_token" time="0.009" /><testcase classname="codecov_auth.tests.unit.views.test_github_enterprise" name="test_get_ghe_redirect" time="0.007" /><testcase classname="codecov_auth.tests.unit.views.test_github_enterprise" name="test_get_ghe_redirect_with_ghpr_cookie" time="0.007" /><testcase classname="codecov_auth.tests.unit.views.test_github_enterprise" name="test_get_github_redirect_with_private_url" time="0.007" /><testcase classname="codecov_auth.tests.unit.views.test_github_enterprise" name="test_get_ghe_already_with_code" time="0.028" /><testcase classname="codecov_auth.tests.unit.views.test_github_enterprise" name="test_get_ghe_already_with_code_github_error" time="0.012" /><testcase classname="codecov_auth.tests.unit.views.test_github_enterprise" name="test_state_not_known" time="0.005" /><testcase classname="codecov_auth.tests.unit.views.test_github_enterprise" name="test_get_ghe_already_with_code_with_email" time="0.026" /><testcase classname="codecov_auth.tests.unit.views.test_github_enterprise" name="test_get_ghe_already_owner_already_exist" time="0.030" /><testcase classname="codecov_auth.tests.unit.views.test_gitlab" name="test_get_gitlab_redirect" time="0.009" /><testcase classname="codecov_auth.tests.unit.views.test_gitlab" name="test_get_gitlab_already_with_code" time="0.024" /><testcase classname="codecov_auth.tests.unit.views.test_gitlab" name="test_get_gitlab_already_with_code_no_session" time="0.015" /><testcase classname="codecov_auth.tests.unit.views.test_gitlab" name="test_get_github_already_with_code_gitlab_error" time="0.008" /><testcase classname="codecov_auth.tests.unit.views.test_gitlab_enterprise" name="test_get_gle_redirect" time="0.008" /><testcase classname="codecov_auth.tests.unit.views.test_gitlab_enterprise" name="test_get_gle_already_with_code" time="0.027" /><testcase classname="codecov_auth.tests.unit.views.test_gitlab_enterprise" name="test_get_gle_already_with_code_github_error" time="0.007" /><testcase classname="codecov_auth.tests.unit.views.test_okta" name="test_okta_redirect_to_authorize" time="0.008" /><testcase classname="codecov_auth.tests.unit.views.test_okta" name="test_okta_perform_login" time="0.018" /><testcase classname="codecov_auth.tests.unit.views.test_okta" name="test_okta_perform_login_authenticated" time="0.019" /><testcase classname="codecov_auth.tests.unit.views.test_okta" name="test_okta_perform_login_existing_okta_user" time="0.020" /><testcase classname="codecov_auth.tests.unit.views.test_okta" name="test_okta_perform_login_authenticated_existing_okta_user" time="0.027" /><testcase classname="codecov_auth.tests.unit.views.test_okta" name="test_okta_perform_login_existing_okta_user_existing_owner" time="0.026" /><testcase classname="codecov_auth.tests.unit.views.test_okta" name="test_okta_perform_login_error" time="0.009" /><testcase classname="codecov_auth.tests.unit.views.test_okta" name="test_okta_perform_login_state_mismatch" time="0.007" /><testcase classname="codecov_auth.tests.unit.views.test_okta_cloud" name="test_okta_login_unauthenticated_user" time="0.004" /><testcase classname="codecov_auth.tests.unit.views.test_okta_cloud" name="test_okta_login_invalid_organization" time="0.015" /><testcase classname="codecov_auth.tests.unit.views.test_okta_cloud" name="test_okta_login_no_account" time="0.018" /><testcase classname="codecov_auth.tests.unit.views.test_okta_cloud" name="test_okta_login_no_okta_settings" time="0.021" /><testcase classname="codecov_auth.tests.unit.views.test_okta_cloud" name="test_okta_login_already_signed_into_okta" time="0.025" /><testcase classname="codecov_auth.tests.unit.views.test_okta_cloud" name="test_okta_login_redirect_to_okta_issuer" time="0.024" /><testcase classname="codecov_auth.tests.unit.views.test_okta_cloud" name="test_okta_callback_login_success" time="0.026" /><testcase classname="codecov_auth.tests.unit.views.test_okta_cloud" name="test_okta_callback_login_success_multiple_accounts" time="0.024" /><testcase classname="codecov_auth.tests.unit.views.test_okta_cloud" name="test_okta_callback_missing_session" time="0.020" /><testcase classname="codecov_auth.tests.unit.views.test_okta_cloud" name="test_okta_callback_missing_user" time="0.013" /><testcase classname="codecov_auth.tests.unit.views.test_okta_cloud" name="test_okta_callback_missing_okta_settings" time="0.022" /><testcase classname="codecov_auth.tests.unit.views.test_okta_cloud" name="test_okta_callback_no_code" time="0.025" /><testcase classname="codecov_auth.tests.unit.views.test_okta_cloud" name="test_okta_callback_perform_login_invalid_state" time="0.022" /><testcase classname="codecov_auth.tests.unit.views.test_okta_cloud" name="test_okta_callback_perform_login_no_user_data" time="0.025" /><testcase classname="codecov_auth.tests.unit.views.test_okta_mixin" name="test_okta_fetch_user_data_invalid_state" time="0.002" /><testcase classname="codecov_auth.tests.unit.views.test_sentry" name="test_sentry_redirect_to_consent" time="0.007" /><testcase classname="codecov_auth.tests.unit.views.test_sentry" name="test_sentry_perform_login" time="0.020" /><testcase classname="codecov_auth.tests.unit.views.test_sentry" name="test_sentry_perform_login_authenticated" time="0.022" /><testcase classname="codecov_auth.tests.unit.views.test_sentry" name="test_sentry_perform_login_existing_sentry_user" time="0.019" /><testcase classname="codecov_auth.tests.unit.views.test_sentry" name="test_sentry_perform_login_authenticated_existing_sentry_user" time="0.024" /><testcase classname="codecov_auth.tests.unit.views.test_sentry" name="test_sentry_perform_login_existing_sentry_user_existing_owner" time="0.020" /><testcase classname="codecov_auth.tests.unit.views.test_sentry" name="test_sentry_perform_login_error" time="0.009" /><testcase classname="codecov_auth.tests.unit.views.test_sentry" name="test_sentry_perform_login_invalid_id_token" time="0.010" /><testcase classname="codecov_auth.tests.unit.views.test_sentry" name="test_sentry_perform_login_invalid_id_token_issuer" time="0.009" /><testcase classname="codecov_auth.tests.unit.views.test_sentry" name="test_sentry_perform_login_state_mismatch" time="0.008" /><testcase classname="codecov_auth.tests.unit.views.test_sentry" name="test_sentry_fetch_user_data_invalid_state" time="0.005" /><testcase classname="compare.tests.test_admin.CompareAdminTest" name="test_compare_admin_detail_page" time="0.059" /><testcase classname="core.commands.pull.interactors.tests.test_fetch_pull_request" name="test_fetch_pull_should_sync[pr_open_recently_updated]" time="0.080" /><testcase classname="core.commands.pull.interactors.tests.test_fetch_pull_request" name="test_fetch_pull_should_sync[pr_merged]" time="0.029" /><testcase classname="core.commands.pull.interactors.tests.test_fetch_pull_request" name="test_fetch_pull_should_sync[pr_closed_recently_updated]" time="0.035" /><testcase classname="core.commands.pull.interactors.tests.test_fetch_pull_request" name="test_fetch_pull_should_sync[pr_open_not_recently_updated]" time="0.028" /><testcase classname="core.tests.test_admin.AdminTest" name="test_non_staff_cannot_access_admin" time="0.014" /><testcase classname="core.tests.test_admin.AdminTest" name="test_prev_and_new_values_in_log_entry" time="0.009" /><testcase classname="core.tests.test_admin.AdminTest" name="test_staff_can_access_admin" time="0.019" /><testcase classname="core.tests.test_management_commands" name="test_update_gitlab_webhook_command" time="0.027" /><testcase classname="core.tests.test_management_commands" name="test_backfill_commits_command" time="0.030" /><testcase classname="core.tests.test_managers.RepositoryQuerySetTests" name="test_get_aggregated_coverage" time="0.026" /><testcase classname="core.tests.test_managers.RepositoryQuerySetTests" name="test_get_or_create_from_github_repo_data" time="0.015" /><testcase classname="core.tests.test_managers.RepositoryQuerySetTests" name="test_viewable_repos" time="0.036" /><testcase classname="core.tests.test_managers.RepositoryQuerySetTests" name="test_with_latest_commit_totals_before" time="0.012" /><testcase classname="core.tests.test_managers.RepositoryQuerySetTests" name="test_with_latest_coverage_change" time="0.017" /><testcase classname="core.tests.test_signals" name="test_shelter_repo_sync" time="0.016" /><testcase classname="core.tests.test_signals" name="test_shelter_commit_sync" time="0.013" /><testcase classname="graphql_api.tests.test_config.TestConfigType" name="test_has_admins_empty_admins_list" time="0.009" /><testcase classname="graphql_api.tests.test_config.TestConfigType" name="test_has_admins_enterprise_is_false" time="0.005" /><testcase classname="graphql_api.tests.test_config.TestConfigType" name="test_has_admins_with_enterprise_and_admins" time="0.005" /><testcase classname="graphql_api.tests.test_config.TestConfigType" name="test_login_providers" time="0.007" /><testcase classname="graphql_api.tests.test_config.TestConfigType" name="test_login_providers_no_git" time="0.006" /><testcase classname="graphql_api.tests.test_config.TestConfigType" name="test_plan_auto_activate" time="0.006" /><testcase classname="graphql_api.tests.test_config.TestConfigType" name="test_plan_auto_activate_self_hosted" time="0.006" /><testcase classname="graphql_api.tests.test_config.TestConfigType" name="test_resolve_bitbucket_server_url" time="0.006" /><testcase classname="graphql_api.tests.test_config.TestConfigType" name="test_resolve_github_enterprise_url" time="0.006" /><testcase classname="graphql_api.tests.test_config.TestConfigType" name="test_resolve_gitlab_enterprise_url" time="0.005" /><testcase classname="graphql_api.tests.test_config.TestConfigType" name="test_resolve_null_bitbucket_sever_url" time="0.005" /><testcase classname="graphql_api.tests.test_config.TestConfigType" name="test_resolve_null_github_enterprise_url" time="0.006" /><testcase classname="graphql_api.tests.test_config.TestConfigType" name="test_resolve_null_gitlab_enterprise_url" time="0.005" /><testcase classname="graphql_api.tests.test_config.TestConfigType" name="test_seats_limit" time="0.004" /><testcase classname="graphql_api.tests.test_config.TestConfigType" name="test_seats_limit_self_hosted" time="0.005" /><testcase classname="graphql_api.tests.test_config.TestConfigType" name="test_seats_used" time="0.004" /><testcase classname="graphql_api.tests.test_config.TestConfigType" name="test_seats_used_self_hosted" time="0.005" /><testcase classname="graphql_api.tests.test_config.TestConfigType" name="test_self_hosted_license_returns_expiration_date_if_valid_license" time="0.007" /><testcase classname="graphql_api.tests.test_config.TestConfigType" name="test_self_hosted_license_returns_null_if_invalid_license" time="0.005" /><testcase classname="graphql_api.tests.test_config.TestConfigType" name="test_self_hosted_license_returns_null_if_not_enterprise" time="0.005" /><testcase classname="graphql_api.tests.test_config.TestConfigType" name="test_sync_providers" time="0.007" /><testcase classname="graphql_api.tests.test_config.TestConfigType" name="test_timeseries_enabled" time="0.005" /><testcase classname="graphql_api.tests.test_config.TestConfigType" name="test_timeseries_enabled_is_false" time="0.005" /><testcase classname="graphql_api.tests.test_config.TestConfigType" name="test_timeseries_enabled_is_false_string" time="0.006" /><testcase classname="graphql_api.tests.test_config.TestConfigType" name="test_timeseries_enabled_is_true_string" time="0.005" /><testcase classname="graphql_api.tests.test_tracing.MyTracerTestCase" name="test_get_tracer_extension_when_debug_is_false" time="0.004" /><testcase classname="graphql_api.tests.test_tracing.MyTracerTestCase" name="test_get_tracer_extension_when_debug_is_true" time="0.002" /><testcase classname="graphql_api.tests.test_tracing.MyTracerTestCase" name="test_init_tracer" time="0.002" /><testcase classname="graphql_api.tests.test_views.ArianeViewTestCase" name="test_query_metrics_extension_set_type_and_name" time="0.005" /><testcase classname="graphql_api.tests.test_views.ArianeViewTestCase" name="test_query_metrics_extension_set_type_and_name_timeout" time="0.002" /><testcase classname="graphql_api.tests.test_views.ArianeViewTestCase" name="test_when_bad_query" time="0.009" /><testcase classname="graphql_api.tests.test_views.ArianeViewTestCase" name="test_when_costly_query" time="0.010" /><testcase classname="graphql_api.tests.test_views.ArianeViewTestCase" name="test_when_debug_is_false_and_exception_we_know" time="0.011" /><testcase classname="graphql_api.tests.test_views.ArianeViewTestCase" name="test_when_debug_is_false_and_random_exception" time="0.011" /><testcase classname="graphql_api.tests.test_views.ArianeViewTestCase" name="test_when_debug_is_true" time="0.015" /><testcase classname="graphs.tests.test_badge_handler.TestBadgeHandler" name="test_badge_with_100_coverage" time="0.023" /><testcase classname="graphs.tests.test_badge_handler.TestBadgeHandler" name="test_branch_badge" time="0.014" /><testcase classname="graphs.tests.test_badge_handler.TestBadgeHandler" name="test_branch_badge_with_slash" time="0.014" /><testcase classname="graphs.tests.test_badge_handler.TestBadgeHandler" name="test_commit_report_no_flags" time="0.012" /><testcase classname="graphs.tests.test_badge_handler.TestBadgeHandler" name="test_commit_report_null" time="0.012" /><testcase classname="graphs.tests.test_badge_handler.TestBadgeHandler" name="test_flag_badge" time="0.012" /><testcase classname="graphs.tests.test_badge_handler.TestBadgeHandler" name="test_invalid_extension" time="0.004" /><testcase classname="graphs.tests.test_badge_handler.TestBadgeHandler" name="test_invalid_precision" time="0.003" /><testcase classname="graphs.tests.test_badge_handler.TestBadgeHandler" name="test_none_branch_flag_badge" time="0.011" /><testcase classname="graphs.tests.test_badge_handler.TestBadgeHandler" name="test_private_badge" time="0.011" /><testcase classname="graphs.tests.test_badge_handler.TestBadgeHandler" name="test_private_badge_no_token" time="0.010" /><testcase classname="graphs.tests.test_badge_handler.TestBadgeHandler" name="test_svg_badge" time="0.018" /><testcase classname="graphs.tests.test_badge_handler.TestBadgeHandler" name="test_text_badge" time="0.020" /><testcase classname="graphs.tests.test_badge_handler.TestBadgeHandler" name="test_unknown_bagde_incorrect_owner" time="0.005" /><testcase classname="graphs.tests.test_badge_handler.TestBadgeHandler" name="test_unknown_bagde_incorrect_repo" time="0.007" /><testcase classname="graphs.tests.test_badge_handler.TestBadgeHandler" name="test_unknown_bagde_incorrect_service" time="0.004" /><testcase classname="graphs.tests.test_badge_handler.TestBadgeHandler" name="test_unknown_bagde_no_branch" time="0.010" /><testcase classname="gra
[...]
E         
E         At index 0 diff: ('github', {'verify_ssl': None, 'token': {'key': 'ec0d614e79fd4b0198476392b1a3b813', 'secret': None, 'username': 'hallpaula'}, 'timeouts': (5, 15), 'oauth_consumer_token': {'key': 'testclientid', 'secret': None}, 'on_token_refresh': &lt;codecov.db.DatabaseSyncToAsync object at 0xffff9083f680&gt;, 'repo': {'name': 'avoid', 'using_integration': False, 'service_id': '1864', 'private': True, 'repoid': 1920}, 'owner': {'username': 'hallpaula', 'service_id': '4904'}}) != ('github', {'repo': {'name': 'avoid', 'using_integration': False, 'service_id': '1864', 'private': True}, 'owner': {'username': 'hallpaula'}, 'token': {'key': '6cdd0d1d8124442ca48cd4c129583658', 'secret': None}, 'verify_ssl': 'ssl_pem', 'oauth_consumer_token': {'key': 'testclientid', 'secret': None}})
E         Left contains one more item: {}
E         
E         Full diff:
E         + call('github', {'verify_ssl': None, 'token': {'key': 'ec0d614e79fd4b0198476392b1a3b813', 'secret': None, 'username': 'hallpaula'}, 'timeouts': (5, 15), 'oauth_consumer_token': {'key': 'testclientid', 'secret': None}, 'on_token_refresh': &lt;codecov.db.DatabaseSyncToAsync object at 0xffff9083f680&gt;, 'repo': {'name': 'avoid', 'using_integration': False, 'service_id': '1864', 'private': True, 'repoid': 1920}, 'owner': {'username': 'hallpaula', 'service_id': '4904'}})
E         - (
E         -     (
E         -         'github',
E         -         {
E         -             'oauth_consumer_token': {
E         -                 'key': 'testclientid',
E         -                 'secret': None,
E         -             },
E         -             'owner': {
E         -                 'username': 'hallpaula',
E         -             },
E         -             'repo': {
E         -                 'name': 'avoid',
E         -                 'private': True,
E         -                 'service_id': '1864',
E         -                 'using_integration': False,
E         -             },
E         -             'token': {
E         -                 'key': '6cdd0d1d8124442ca48cd4c129583658',
E         -                 'secret': None,
E         -             },
E         -             'verify_ssl': 'ssl_pem',
E         -         },
E         -     ),
E         - )

services/tests/test_repo_providers.py:255: AssertionError</failure></testcase><testcase classname="services.tests.test_repo_providers.TestRepoProviderService" name="test_get_by_name_returns_adapter_for_repo_owner_service" time="0.150" /><testcase classname="services.tests.test_repo_providers.TestRepoProviderService" name="test_get_by_name_sets_token_to_bot_when_user_not_authenticated" time="0.149" /><testcase classname="services.tests.test_repo_providers.TestRepoProviderService" name="test_get_by_name_submits_consumer_oauth_token" time="0.152" /><testcase classname="services.tests.test_repo_providers.TestRepoProviderService" name="test_get_torngit_with_names_github" time="0.236" /><testcase classname="services.tests.test_repo_providers.TestRepoProviderService" name="test_get_torngit_with_names_gitlab" time="0.187" /><testcase classname="services.tests.test_repo_providers.TestRepoProviderService" name="test_refresh_callback" time="0.166" /><testcase classname="services.tests.test_repo_providers.TestRepoProviderService" name="test_refresh_callback_github" time="0.169" /><testcase classname="services.tests.test_sentry.SaveSentryStateTests" name="test_save_sentry_state" time="0.137" /><testcase classname="services.tests.test_sentry.SaveSentryStateTests" name="test_save_sentry_state_duplicate_user_id" time="0.135" /><testcase classname="services.tests.test_sentry.SaveSentryStateTests" name="test_save_sentry_state_invalid_state" time="0.135" /><testcase classname="services.tests.test_yaml.YamlServiceTest" name="test_when_commit_has_no_yaml" time="0.138" /><testcase classname="services.tests.test_yaml.YamlServiceTest" name="test_when_commit_has_yaml" time="0.141" /><testcase classname="timeseries.tests.test_admin.DatasetAdminTest" name="test_backfill_page" time="0.545" /><testcase classname="timeseries.tests.test_admin.DatasetAdminTest" name="test_list_page" time="0.269" /><testcase classname="timeseries.tests.test_admin.DatasetAdminTest" name="test_perform_backfill" time="0.256" /><testcase classname="timeseries.tests.test_db.DatabaseTests" name="test_db_reconnect" time="0.094" /><testcase classname="timeseries.tests.test_helpers.RefreshMeasurementSummariesTest" name="test_refresh_measurement_summaries" time="0.095" /><testcase classname="timeseries.tests.test_helpers.RepositoryCoverageMeasurementsTest" name="test_coverage_measurements" time="0.319" /><testcase classname="timeseries.tests.test_helpers.FillSparseMeasurementsTest" name="test_fill_sparse_measurements" time="0.301" /><testcase classname="timeseries.tests.test_helpers.FillSparseMeasurementsTest" name="test_fill_sparse_measurements_first_datapoint" time="0.330" /><testcase classname="timeseries.tests.test_helpers.FillSparseMeasurementsTest" name="test_fill_sparse_measurements_no_end_date" time="0.322" /><testcase classname="timeseries.tests.test_helpers.FillSparseMeasurementsTest" name="test_fill_sparse_measurements_no_measurements" time="0.301" /><testcase classname="timeseries.tests.test_helpers.FillSparseMeasurementsTest" name="test_fill_sparse_measurements_no_start_date" time="0.312" /><testcase classname="timeseries.tests.test_helpers.RepositoryCoverageMeasurementsWithFallbackTest" name="test_backfilled_dataset" time="0.315" /><testcase classname="timeseries.tests.test_helpers.RepositoryCoverageMeasurementsWithFallbackTest" name="test_backfilled_dataset_no_start_end_dates" time="0.306" /><testcase classname="timeseries.tests.test_helpers.RepositoryCoverageMeasurementsWithFallbackTest" name="test_no_dataset" time="0.267" /><testcase classname="timeseries.tests.test_helpers.RepositoryCoverageMeasurementsWithFallbackTest" name="test_unbackfilled_dataset" time="0.276" /><testcase classname="timeseries.tests.test_helpers.RepositoryCoverageMeasurementsWithFallbackTest" name="test_unbackfilled_dataset_no_start_end_dates" time="0.268" /><testcase classname="timeseries.tests.test_helpers.OwnerCoverageMeasurementsWithFallbackTest" name="test_backfilled_datasets" time="0.315" /><testcase classname="timeseries.tests.test_helpers.OwnerCoverageMeasurementsWithFallbackTest" name="test_no_dataset" time="0.292" /><testcase classname="timeseries.tests.test_helpers.OwnerCoverageMeasurementsWithFallbackTest" name="test_unbackfilled_dataset" time="0.286" /><testcase classname="timeseries.tests.test_models.MeasurementTests" name="test_measurement_agg_1day" time="0.161" /><testcase classname="timeseries.tests.test_models.MeasurementTests" name="test_measurement_agg_30day" time="0.177" /><testcase classname="timeseries.tests.test_models.MeasurementTests" name="test_measurement_agg_7day" time="0.177" /><testcase classname="timeseries.tests.test_models.MeasurementTests" name="test_measurement_agg_invalid" time="0.091" /><testcase classname="timeseries.tests.test_models.DatasetTests" name="test_is_backfilled_false" time="0.119" /><testcase classname="timeseries.tests.test_models.DatasetTests" name="test_is_backfilled_no_created_at" time="0.097" /><testcase classname="timeseries.tests.test_models.DatasetTests" name="test_is_backfilled_true" time="0.118" /><testcase classname="upload.tests.test_helpers.TestGithubAppInstallationUsage" name="test_github_app_installation_flow" time="0.133" /><testcase classname="upload.tests.test_helpers.TestGithubAppInstallationUsage" name="test_not_github_provider" time="0.129" /><testcase classname="upload.tests.test_serializers" name="test_serialize_upload" time="0.148" /><testcase classname="upload.tests.test_serializers" name="test_upload_serializer_contains_expected_fields_no_flags" time="0.141" /><testcase classname="upload.tests.test_serializers" name="test_upload_serializer_contains_expected_fields_with_flags" time="0.145" /><testcase classname="upload.tests.test_serializers" name="test_upload_serializer_null_build_url_empty_flags" time="0.130" /><testcase classname="upload.tests.test_serializers" name="test__create_existing_flags_map" time="0.144" /><testcase classname="upload.tests.test_serializers" name="test_commit_serializer_contains_expected_fields" time="0.144" /><testcase classname="upload.tests.test_serializers" name="test_commit_serializer_does_not_duplicate" time="0.150" /><testcase classname="upload.tests.test_serializers" name="test_invalid_update_data" time="0.140" /><testcase classname="upload.tests.test_serializers" name="test_valid_update_data" time="0.143" /><testcase classname="upload.tests.test_serializers" name="test_commit_report_serializer" time="0.137" /><testcase classname="upload.tests.test_serializers" name="test_report_results_serializer" time="0.136" /><testcase classname="upload.tests.test_upload_download.UploadDownloadHelperTest" name="test_invalid_archive_path" time="0.158" /><testcase classname="upload.tests.test_upload_download.UploadDownloadHelperTest" name="test_invalid_owner" time="0.148" /><testcase classname="upload.tests.test_upload_download.UploadDownloadHelperTest" name="test_invalid_path_param" time="0.156" /><testcase classname="upload.tests.test_upload_download.UploadDownloadHelperTest" name="test_invalid_repo" time="0.166" /><testcase classname="upload.tests.test_upload_download.UploadDownloadHelperTest" name="test_invalid_repo_archive_path" time="0.159" /><testcase classname="upload.tests.test_upload_download.UploadDownloadHelperTest" name="test_invalid_shelter_path" time="0.160" /><testcase classname="upload.tests.test_upload_download.UploadDownloadHelperTest" name="test_no_path_param" time="0.154" /><testcase classname="upload.tests.test_upload_download.UploadDownloadHelperTest" name="test_private_valid_archive_path" time="0.157" /><testcase classname="upload.tests.test_upload_download.UploadDownloadHelperTest" name="test_valid_repo_archive_path" time="0.165" /><testcase classname="codecov.commands.tests.test_base" name="test_base_command" time="0.001" /><testcase classname="codecov.commands.tests.test_base" name="test_base_interactor_with_missing_required_service" time="0.001" /><testcase classname="codecov.commands.tests.test_executor" name="test_get_executor_from_request" time="0.001" /><testcase classname="codecov.commands.tests.test_executor" name="test_get_executor_from_command" time="0.001" /><testcase classname="codecov_auth.tests.unit.test_repo_authentication.TestRepositoryLegacyQueryTokenAuthentication" name="test_authenticate_unauthenticated" time="0.001" /><testcase classname="codecov_auth.tests.unit.test_repo_authentication.TestRepositoryLegacyQueryTokenAuthentication" name="test_authenticate_non_uuid_token" time="0.000" /><testcase classname="codecov_auth.tests.unit.test_repo_authentication.TestGlobalTokenAuthentication" name="test_authentication_no_global_token_available" time="0.001" /><testcase classname="codecov_auth.tests.unit.test_repo_authentication.TestGlobalTokenAuthentication" name="test_authentication_for_enterprise_wrong_token" time="0.001" /><testcase classname="codecov_auth.tests.unit.test_repo_authentication.TestOrgLevelTokenAuthentication" name="test_token_is_not_uuid" time="0.000" /><testcase classname="codecov_auth.tests.unit.test_repo_authentication.TestTokenlessAuth" name="test_tokenless_bad_path" time="0.000" /><testcase classname="codecov_auth.tests.unit.views.test_base" name="test_generate_state_without_redirection_url" time="0.002" /><testcase classname="codecov_auth.tests.unit.views.test_base" name="test_generate_state_with_path_redirection_url" time="0.002" /><testcase classname="codecov_auth.tests.unit.views.test_base" name="test_generate_state_with_safe_domain_redirection_url" time="0.002" /><testcase classname="codecov_auth.tests.unit.views.test_base" name="test_generate_state_with_safe_domain_regex_redirection_url" time="0.002" /><testcase classname="codecov_auth.tests.unit.views.test_base" name="test_generate_state_with_unsafe_domain" time="0.002" /><testcase classname="codecov_auth.tests.unit.views.test_base" name="test_generate_state_when_wrong_url" time="0.002" /><testcase classname="codecov_auth.tests.unit.views.test_base" name="test_get_redirection_url_from_state_without_redis_state" time="0.001" /><testcase classname="codecov_auth.tests.unit.views.test_base" name="test_get_redirection_url_from_state_without_session_state" time="0.001" /><testcase classname="codecov_auth.tests.unit.views.test_base" name="test_get_redirection_url_from_state_with_session_state_mismatch" time="0.001" /><testcase classname="codecov_auth.tests.unit.views.test_base" name="test_get_redirection_url_from_state_give_url" time="0.001" /><testcase classname="codecov_auth.tests.unit.views.test_base" name="test_remove_state_with_with_delay" time="0.025" /><testcase classname="codecov_auth.tests.unit.views.test_base" name="test_remove_state_with_with_no_delay" time="0.002" /><testcase classname="codecov_auth.tests.unit.views.test_bitbucket" name="test_get_bitbucket_redirect" time="0.005" /><testcase classname="codecov_auth.tests.unit.views.test_bitbucket" name="test_get_bitbucket_redirect_bitbucket_unavailable" time="0.004" /><testcase classname="codecov_auth.tests.unit.views.test_bitbucket_server" name="test_get_bbs_redirect" time="0.005" /><testcase classname="codecov_auth.tests.unit.views.test_bitbucket_server" name="test_get_bbs_redirect_bitbucket_fails_to_get_request_token" time="0.026" /><testcase classname="codecov_auth.tests.unit.views.test_github" name="test__get_teams_info" time="0.003" /><testcase classname="codecov_auth.tests.unit.views.test_github" name="test__get_teams_info_fails" time="0.006" /><testcase classname="codecov_auth.tests.unit.views.test_okta" name="test_okta_redirect_to_authorize_no_iss" time="0.004" /><testcase classname="codecov_auth.tests.unit.views.test_okta" name="test_okta_redirect_to_authorize_invalid_iss" time="0.004" /><testcase classname="codecov_auth.tests.unit.views.test_okta_mixin" name="test_validate_id_token" time="0.037" /><testcase classname="graphql_api.helpers.tests.test_mutation.HelperMutationTest" name="test_mutation_when_everything_is_good" time="0.002" /><testcase classname="graphql_api.helpers.tests.test_mutation.HelperMutationTest" name="test_mutation_when_not_found_is_raised" time="0.001" /><testcase classname="graphql_api.helpers.tests.test_mutation.HelperMutationTest" name="test_mutation_when_random_exception_is_raised_it_reraise" time="0.001" /><testcase classname="graphql_api.helpers.tests.test_mutation.HelperMutationTest" name="test_mutation_when_unauthenticated_is_raised" time="0.001" /><testcase classname="graphql_api.helpers.tests.test_mutation.HelperMutationTest" name="test_mutation_when_unauthorized_is_raised" time="0.001" /><testcase classname="graphql_api.helpers.tests.test_mutation.HelperMutationTest" name="test_mutation_when_validation_is_raised" time="0.001" /><testcase classname="graphql_api.tests.test_path_content.TestResolvePathContent" name="test_returns_path_content_file" time="0.001" /><testcase classname="graphql_api.tests.test_path_content.TestResolvePathContent" name="test_returns_path_content_dir" time="0.000" /><testcase classname="graphql_api.tests.test_path_content.TestResolvePathContent" name="test_returns_none" time="0.000" /><testcase classname="graphs.tests.test_graph_utils.TestGraphsUtils" name="test_tree_height" time="0.001" /><testcase classname="graphs.tests.test_helpers.TestGraphsHelpers" name="test_format_coverage_precision" time="0.001" /><testcase classname="graphs.tests.test_helpers.TestGraphsHelpers" name="test_badge" time="0.001" /><testcase classname="graphs.tests.test_helpers.TestGraphsHelpers" name="test_unknown_badge" time="0.000" /><testcase classname="profiling.tests.test_serializers" name="test_update_profiling_commit_serializer_mocked_instance" time="0.001" /><testcase classname="services.tests.test_redis_configuration" name="test_get_redis_connection" time="0.001" /><testcase classname="services.tests.test_refresh" name="test_is_refreshing_true_after_trigger" time="0.002" /><testcase classname="services.tests.test_refresh" name="test_refresh_makes_proper_redis_calls" time="0.002" /><testcase classname="services.tests.test_refresh" name="test_dont_refresh_is_already_refreshing" time="0.002" /><testcase classname="services.tests.test_refresh" name="test_is_refreshing_false_when_task_is_successful" time="0.002" /><testcase classname="services.tests.test_refresh" name="test_is_refreshing_false_when_task_is_failed" time="0.002" /><testcase classname="services.tests.test_refresh" name="test_is_refreshing_false_when_parent_task_is_failed" time="0.003" /><testcase classname="services.tests.test_refresh" name="test_is_refreshing_false_when_result_from_tuple_raise" time="0.002" /><testcase classname="services.tests.test_task" name="test_refresh_task" time="0.001" /><testcase classname="services.tests.test_task" name="test_compute_comparison_task" time="0.021" /><testcase classname="services.tests.test_task" name="test_compute_comparisons_task" time="0.002" /><testcase classname="services.tests.test_task" name="test_timeseries_delete" time="0.019" /><testcase classname="services.tests.test_task" name="test_flush_repo" time="0.019" /><testcase classname="services.tests.test_task" name="test_update_commit_task" time="0.019" /><testcase classname="services.tests.test_task" name="test_make_http_request_task" time="0.018" /><testcase classname="services.tests.test_task" name="test_backfill_commit_data_task" time="0.019" /><testcase classname="upload.tests.views.test_commits" name="test_get_repo_with_invalid_service" time="0.002" /><testcase classname="utils.tests.unit.test_config" name="test_should_write_data_to_storage_config_check[inner_config0-func_args0-False]" time="0.001" /><testcase classname="utils.tests.unit.test_config" name="test_should_write_data_to_storage_config_check[inner_config1-func_args1-True]" time="0.001" /><testcase classname="utils.tests.unit.test_config" name="test_should_write_data_to_storage_config_check[inner_config2-func_args2-False]" time="0.001" /><testcase classname="utils.tests.unit.test_config" name="test_should_write_data_to_storage_config_check[inner_config3-func_args3-False]" time="0.001" /><testcase classname="utils.tests.unit.test_config" name="test_should_write_data_to_storage_config_check[inner_config4-func_args4-False]" time="0.001" /><testcase classname="utils.tests.unit.test_config" name="test_should_write_data_to_storage_config_check[inner_config5-func_args5-False]" time="0.001" /><testcase classname="utils.tests.unit.test_config" name="test_should_write_data_to_storage_config_check[inner_config6-func_args6-True]" time="0.001" /><testcase classname="utils.tests.unit.test_config" name="test_should_write_data_to_storage_config_check[inner_config7-func_args7-True]" time="0.001" /><testcase classname="utils.tests.unit.test_config" name="test_should_write_data_to_storage_config_check[inner_config8-func_args8-True]" time="0.001" /><testcase classname="utils.tests.unit.test_logging.TestLoggingConfig" name="test_local_formatter" time="0.001" /><testcase classname="utils.tests.unit.test_logging.TestLoggingConfig" name="test_local_formatter_with_exc_info" time="0.000" /><testcase classname="utils.tests.unit.test_model_utils.TestArchiveField" name="test_subclass_validation" time="0.001" /><testcase classname="utils.tests.unit.test_services.TestServices" name="test_gitlab" time="0.000" /><testcase classname="utils.tests.unit.test_services.TestServices" name="test_bb" time="0.001" /><testcase classname="utils.tests.unit.test_services.TestServices" name="test_gh" time="0.640" /></testsuite></testsuites>