<?xml version="1.0"?>
<coverage version="7.3.2" timestamp="1710191874702" lines-valid="38727" lines-covered="37232"
    line-rate="0.9614" branches-covered="0" branches-valid="0" branch-rate="0" complexity="0">
    <!-- Generated by coverage.py: https://coverage.readthedocs.io/en/7.3.2 -->
    <!-- Based on https://raw.githubusercontent.com/cobertura/web/master/htdocs/xml/coverage-04.dtd -->
    <sources>
        <source></source>
    </sources>
    <packages>
        <package name="." line-rate="0.3806" branch-rate="0" complexity="0">
            <classes>
                <class name="conftest.py" filename="conftest.py" complexity="0" line-rate="1"
                    branch-rate="0">
                    <methods />
                    <lines>
                        <line number="1" hits="1" />
                        <line number="2" hits="1" />
                        <line number="4" hits="1" />
                        <line number="5" hits="1" />
                        <line number="6" hits="1" />
                        <line number="7" hits="1" />
                        <line number="8" hits="1" />
                        <line number="9" hits="1" />
                        <line number="15" hits="1" />
                        <line number="18" hits="1" />
                        <line number="22" hits="1" />
                        <line number="25" hits="1" />
                        <line number="26" hits="1" />
                        <line number="27" hits="1" />
                        <line number="28" hits="1" />
                        <line number="29" hits="1" />
                        <line number="30" hits="1" />
                        <line number="31" hits="1" />
                        <line number="32" hits="1" />
                        <line number="33" hits="1" />
                        <line number="34" hits="1" />
                        <line number="35" hits="1" />
                        <line number="40" hits="1" />
                        <line number="43" hits="1" />
                        <line number="44" hits="1" />
                        <line number="45" hits="1" />
                        <line number="46" hits="1" />
                        <line number="47" hits="1" />
                        <line number="48" hits="1" />
                        <line number="51" hits="1" />
                        <line number="52" hits="1" />
                        <line number="53" hits="1" />
                        <line number="54" hits="1" />
                        <line number="55" hits="1" />
                        <line number="58" hits="1" />
                        <line number="59" hits="1" />
                        <line number="60" hits="1" />
                        <line number="61" hits="1" />
                        <line number="62" hits="1" />
                        <line number="63" hits="1" />
                        <line number="64" hits="1" />
                        <line number="65" hits="1" />
                        <line number="66" hits="1" />
                        <line number="67" hits="1" />
                        <line number="70" hits="1" />
                        <line number="71" hits="1" />
                        <line number="72" hits="1" />
                        <line number="73" hits="1" />
                        <line number="74" hits="1" />
                        <line number="75" hits="1" />
                        <line number="77" hits="1" />
                    </lines>
                </class>
                <class name="manage.py" filename="manage.py" complexity="0" line-rate="0"
                    branch-rate="0">
                    <methods />
                    <lines>
                        <line number="2" hits="0" />
                        <line number="3" hits="0" />
                        <line number="5" hits="0" />
                        <line number="7" hits="0" />
                        <line number="8" hits="0" />
                        <line number="9" hits="0" />
                        <line number="10" hits="0" />
                        <line number="11" hits="0" />
                        <line number="12" hits="0" />
                        <line number="17" hits="0" />
                    </lines>
                </class>
                <class name="open_telemetry.py" filename="open_telemetry.py" complexity="0"
                    line-rate="0" branch-rate="0">
                    <methods />
                    <lines>
                        <line number="1" hits="0" />
                        <line number="2" hits="0" />
                        <line number="3" hits="0" />
                        <line number="4" hits="0" />
                        <line number="5" hits="0" />
                        <line number="7" hits="0" />
                        <line number="8" hits="0" />
                        <line number="13" hits="0" />
                        <line number="14" hits="0" />
                        <line number="15" hits="0" />
                        <line number="16" hits="0" />
                        <line number="22" hits="0" />
                        <line number="24" hits="0" />
                        <line number="27" hits="0" />
                        <line number="32" hits="0" />
                        <line number="37" hits="0" />
                        <line number="48" hits="0" />
                        <line number="49" hits="0" />
                        <line number="50" hits="0" />
                        <line number="52" hits="0" />
                        <line number="57" hits="0" />
                        <line number="58" hits="0" />
                        <line number="61" hits="0" />
                        <line number="62" hits="0" />
                        <line number="65" hits="0" />
                        <line number="70" hits="0" />
                        <line number="77" hits="0" />
                        <line number="78" hits="0" />
                        <line number="79" hits="0" />
                        <line number="80" hits="0" />
                        <line number="86" hits="0" />
                        <line number="88" hits="0" />
                        <line number="96" hits="0" />
                        <line number="111" hits="0" />
                        <line number="113" hits="0" />
                        <line number="115" hits="0" />
                        <line number="132" hits="0" />
                        <line number="134" hits="0" />
                        <line number="135" hits="0" />
                        <line number="136" hits="0" />
                        <line number="140" hits="0" />
                        <line number="141" hits="0" />
                        <line number="142" hits="0" />
                        <line number="143" hits="0" />
                        <line number="144" hits="0" />
                        <line number="145" hits="0" />
                        <line number="146" hits="0" />
                        <line number="147" hits="0" />
                        <line number="148" hits="0" />
                        <line number="149" hits="0" />
                        <line number="150" hits="0" />
                        <line number="151" hits="0" />
                        <line number="152" hits="0" />
                        <line number="153" hits="0" />
                        <line number="154" hits="0" />
                        <line number="155" hits="0" />
                        <line number="156" hits="0" />
                        <line number="158" hits="0" />
                        <line number="160" hits="0" />
                        <line number="164" hits="0" />
                        <line number="167" hits="0" />
                        <line number="168" hits="0" />
                        <line number="169" hits="0" />
                        <line number="170" hits="0" />
                        <line number="171" hits="0" />
                        <line number="172" hits="0" />
                        <line number="173" hits="0" />
                        <line number="174" hits="0" />
                        <line number="190" hits="0" />
                        <line number="191" hits="0" />
                        <line number="192" hits="0" />
                        <line number="193" hits="0" />
                        <line number="194" hits="0" />
                    </lines>
                </class>
            </classes>
        </package>
        <package name="api" line-rate="1" branch-rate="0" complexity="0">
			<classes>
				<class name="__init__.py" filename="api/__init__.py" complexity="0" line-rate="1" branch-rate="0">
					<methods/>
					<lines/>
				</class>
				<class name="apps.py" filename="api/apps.py" complexity="0" line-rate="1" branch-rate="0">
					<methods/>
					<lines>
						<line number="1" hits="1"/>
						<line number="4" hits="1"/>
						<line number="5" hits="1"/>
					</lines>
				</class>
			</classes>
		</package>
		<package name="api.internal" line-rate="0.9778" branch-rate="0" complexity="0">
			<classes>
				<class name="constants.py" filename="api/internal/constants.py" complexity="0" line-rate="1" branch-rate="0">
					<methods/>
					<lines>
						<line number="1" hits="1"/>
					</lines>
				</class>
				<class name="enterprise_urls.py" filename="api/internal/enterprise_urls.py" complexity="0" line-rate="1" branch-rate="0">
					<methods/>
					<lines>
						<line number="1" hits="1"/>
						<line number="3" hits="1"/>
						<line number="4" hits="1"/>
						<line number="6" hits="1"/>
						<line number="7" hits="1"/>
						<line number="9" hits="1"/>
						<line number="10" hits="1"/>
						<line number="12" hits="1"/>
					</lines>
				</class>
				<class name="urls.py" filename="api/internal/urls.py" complexity="0" line-rate="0.9722" branch-rate="0">
					<methods/>
					<lines>
						<line number="1" hits="1"/>
						<line number="2" hits="1"/>
						<line number="3" hits="1"/>
						<line number="5" hits="1"/>
						<line number="6" hits="1"/>
						<line number="7" hits="1"/>
						<line number="8" hits="1"/>
						<line number="9" hits="1"/>
						<line number="10" hits="1"/>
						<line number="16" hits="1"/>
						<line number="17" hits="1"/>
						<line number="18" hits="1"/>
						<line number="19" hits="1"/>
						<line number="20" hits="1"/>
						<line number="22" hits="1"/>
						<line number="23" hits="1"/>
						<line number="26" hits="1"/>
						<line number="27" hits="1"/>
						<line number="29" hits="1"/>
						<line number="30" hits="1"/>
						<line number="31" hits="1"/>
						<line number="33" hits="1"/>
						<line number="34" hits="1"/>
						<line number="38" hits="1"/>
						<line number="39" hits="1"/>
						<line number="41" hits="1"/>
						<line number="42" hits="1"/>
						<line number="43" hits="1"/>
						<line number="44" hits="1"/>
						<line number="45" hits="1"/>
						<line number="47" hits="1"/>
						<line number="48" hits="1"/>
						<line number="50" hits="1"/>
						<line number="52" hits="1"/>
						<line number="53" hits="0"/>
						<line number="55" hits="1"/>
					</lines>
				</class>
			</classes>
		</package>
    </packages>
</coverage>